N E X T F L O W  ~  version 21.10.6
Launching `nasa_pipeline.nf` [extravagant_pesquet] - revision: 712206957c
WARN: Access to undefined parameter `SE` -- Initialise it to a default value eg. `params.SE = some_value`
[-        ] process > random_test_j -
[K_HB2_0GyP_T1_S00, [/rugpfs/fs0/risc_lab/store/hcanaj/HC_GLOEseq_Novaseq_010925/fastqs_read1_read2/K_HB2_0GyP_T1_S00_R1_0.fastq.gz, /rugpfs/fs0/risc_lab/store/hcanaj/HC_GLOEseq_Novaseq_010925/fastqs_read1_read2/K_HB2_0GyP_T1_S00_R2_0.fastq.gz]]
[B_HB1_0GyP_T1_S00, [/rugpfs/fs0/risc_lab/store/hcanaj/HC_GLOEseq_Novaseq_010925/fastqs_read1_read2/B_HB1_0GyP_T1_S00_R1_0.fastq.gz, /rugpfs/fs0/risc_lab/store/hcanaj/HC_GLOEseq_Novaseq_010925/fastqs_read1_read2/B_HB1_0GyP_T1_S00_R2_0.fastq.gz]]
[I_HB2_PLC_T1_S00, [/rugpfs/fs0/risc_lab/store/hcanaj/HC_GLOEseq_Novaseq_010925/fastqs_read1_read2/I_HB2_PLC_T1_S00_R1_0.fastq.gz, /rugpfs/fs0/risc_lab/store/hcanaj/HC_GLOEseq_Novaseq_010925/fastqs_read1_read2/I_HB2_PLC_T1_S00_R2_0.fastq.gz]]
[B_GB1_0GyC_T1_S00, [/rugpfs/fs0/risc_lab/store/hcanaj/HC_GLOEseq_Novaseq_010925/fastqs_read1_read2/B_GB1_0GyC_T1_S00_R1_0.fastq.gz, /rugpfs/fs0/risc_lab/store/hcanaj/HC_GLOEseq_Novaseq_010925/fastqs_read1_read2/B_GB1_0GyC_T1_S00_R2_0.fastq.gz]]
[K_GB2_PLC_T1_S00, [/rugpfs/fs0/risc_lab/store/hcanaj/HC_GLOEseq_Novaseq_010925/fastqs_read1_read2/K_GB2_PLC_T1_S00_R1_0.fastq.gz, /rugpfs/fs0/risc_lab/store/hcanaj/HC_GLOEseq_Novaseq_010925/fastqs_read1_read2/K_GB2_PLC_T1_S00_R2_0.fastq.gz]]
[B_HB2_PLC_T1_S00, [/rugpfs/fs0/risc_lab/store/hcanaj/HC_GLOEseq_Novaseq_010925/fastqs_read1_read2/B_HB2_PLC_T1_S00_R1_0.fastq.gz, /rugpfs/fs0/risc_lab/store/hcanaj/HC_GLOEseq_Novaseq_010925/fastqs_read1_read2/B_HB2_PLC_T1_S00_R2_0.fastq.gz]]
[K_GB1_0GyC_T1_S00, [/rugpfs/fs0/risc_lab/store/hcanaj/HC_GLOEseq_Novaseq_010925/fastqs_read1_read2/K_GB1_0GyC_T1_S00_R1_0.fastq.gz, /rugpfs/fs0/risc_lab/store/hcanaj/HC_GLOEseq_Novaseq_010925/fastqs_read1_read2/K_GB1_0GyC_T1_S00_R2_0.fastq.gz]]
[I_GB1_0GyP_T1_S00, [/rugpfs/fs0/risc_lab/store/hcanaj/HC_GLOEseq_Novaseq_010925/fastqs_read1_read2/I_GB1_0GyP_T1_S00_R1_0.fastq.gz, /rugpfs/fs0/risc_lab/store/hcanaj/HC_GLOEseq_Novaseq_010925/fastqs_read1_read2/I_GB1_0GyP_T1_S00_R2_0.fastq.gz]]
[I_HB2_0GyP_T1_S00, [/rugpfs/fs0/risc_lab/store/hcanaj/HC_GLOEseq_Novaseq_010925/fastqs_read1_read2/I_HB2_0GyP_T1_S00_R1_0.fastq.gz, /rugpfs/fs0/risc_lab/store/hcanaj/HC_GLOEseq_Novaseq_010925/fastqs_read1_read2/I_HB2_0GyP_T1_S00_R2_0.fastq.gz]]
[I_GB2_0GyP_T1_S00, [/rugpfs/fs0/risc_lab/store/hcanaj/HC_GLOEseq_Novaseq_010925/fastqs_read1_read2/I_GB2_0GyP_T1_S00_R1_0.fastq.gz, /rugpfs/fs0/risc_lab/store/hcanaj/HC_GLOEseq_Novaseq_010925/fastqs_read1_read2/I_GB2_0GyP_T1_S00_R2_0.fastq.gz]]
[B_HB2_0GyP_T1_S00, [/rugpfs/fs0/risc_lab/store/hcanaj/HC_GLOEseq_Novaseq_010925/fastqs_read1_read2/B_HB2_0GyP_T1_S00_R1_0.fastq.gz, /rugpfs/fs0/risc_lab/store/hcanaj/HC_GLOEseq_Novaseq_010925/fastqs_read1_read2/B_HB2_0GyP_T1_S00_R2_0.fastq.gz]]
[R_GB2_PLC_T1_S00, [/rugpfs/fs0/risc_lab/store/hcanaj/HC_GLOEseq_Novaseq_010925/fastqs_read1_read2/R_GB2_PLC_T1_S00_R1_0.fastq.gz, /rugpfs/fs0/risc_lab/store/hcanaj/HC_GLOEseq_Novaseq_010925/fastqs_read1_read2/R_GB2_PLC_T1_S00_R2_0.fastq.gz]]
[I_GB1_0GyC_T1_S00, [/rugpfs/fs0/risc_lab/store/hcanaj/HC_GLOEseq_Novaseq_010925/fastqs_read1_read2/I_GB1_0GyC_T1_S00_R1_0.fastq.gz, /rugpfs/fs0/risc_lab/store/hcanaj/HC_GLOEseq_Novaseq_010925/fastqs_read1_read2/I_GB1_0GyC_T1_S00_R2_0.fastq.gz]]
[K_HB2_PLC_T1_S00, [/rugpfs/fs0/risc_lab/store/hcanaj/HC_GLOEseq_Novaseq_010925/fastqs_read1_read2/K_HB2_PLC_T1_S00_R1_0.fastq.gz, /rugpfs/fs0/risc_lab/store/hcanaj/HC_GLOEseq_Novaseq_010925/fastqs_read1_read2/K_HB2_PLC_T1_S00_R2_0.fastq.gz]]
[B_HB1_0GyC_T1_S00, [/rugpfs/fs0/risc_lab/store/hcanaj/HC_GLOEseq_Novaseq_010925/fastqs_read1_read2/B_HB1_0GyC_T1_S00_R1_0.fastq.gz, /rugpfs/fs0/risc_lab/store/hcanaj/HC_GLOEseq_Novaseq_010925/fastqs_read1_read2/B_HB1_0GyC_T1_S00_R2_0.fastq.gz]]
[I_HB2_0GyC_T1_S00, [/rugpfs/fs0/risc_lab/store/hcanaj/HC_GLOEseq_Novaseq_010925/fastqs_read1_read2/I_HB2_0GyC_T1_S00_R1_0.fastq.gz, /rugpfs/fs0/risc_lab/store/hcanaj/HC_GLOEseq_Novaseq_010925/fastqs_read1_read2/I_HB2_0GyC_T1_S00_R2_0.fastq.gz]]
[K_HB2_0GyC_T1_S00, [/rugpfs/fs0/risc_lab/store/hcanaj/HC_GLOEseq_Novaseq_010925/fastqs_read1_read2/K_HB2_0GyC_T1_S00_R1_0.fastq.gz, /rugpfs/fs0/risc_lab/store/hcanaj/HC_GLOEseq_Novaseq_010925/fastqs_read1_read2/K_HB2_0GyC_T1_S00_R2_0.fastq.gz]]
[I_GB1_PLC_T1_S00, [/rugpfs/fs0/risc_lab/store/hcanaj/HC_GLOEseq_Novaseq_010925/fastqs_read1_read2/I_GB1_PLC_T1_S00_R1_0.fastq.gz, /rugpfs/fs0/risc_lab/store/hcanaj/HC_GLOEseq_Novaseq_010925/fastqs_read1_read2/I_GB1_PLC_T1_S00_R2_0.fastq.gz]]
[R_HB1_Cells_T1_S00, [/rugpfs/fs0/risc_lab/store/hcanaj/HC_GLOEseq_Novaseq_010925/fastqs_read1_read2/R_HB1_Cells_T1_S00_R1_0.fastq.gz, /rugpfs/fs0/risc_lab/store/hcanaj/HC_GLOEseq_Novaseq_010925/fastqs_read1_read2/R_HB1_Cells_T1_S00_R2_0.fastq.gz]]

executor >  slurm (1)
[e2/de5ea9] process > random_test_j (1) [  0%] 0 of 3
[K_HB2_0GyP_T1_S00, [/rugpfs/fs0/risc_lab/store/hcanaj/HC_GLOEseq_Novaseq_010925/fastqs_read1_read2/K_HB2_0GyP_T1_S00_R1_0.fastq.gz, /rugpfs/fs0/risc_lab/store/hcanaj/HC_GLOEseq_Novaseq_010925/fastqs_read1_read2/K_HB2_0GyP_T1_S00_R2_0.fastq.gz]]
[B_HB1_0GyP_T1_S00, [/rugpfs/fs0/risc_lab/store/hcanaj/HC_GLOEseq_Novaseq_010925/fastqs_read1_read2/B_HB1_0GyP_T1_S00_R1_0.fastq.gz, /rugpfs/fs0/risc_lab/store/hcanaj/HC_GLOEseq_Novaseq_010925/fastqs_read1_read2/B_HB1_0GyP_T1_S00_R2_0.fastq.gz]]
[I_HB2_PLC_T1_S00, [/rugpfs/fs0/risc_lab/store/hcanaj/HC_GLOEseq_Novaseq_010925/fastqs_read1_read2/I_HB2_PLC_T1_S00_R1_0.fastq.gz, /rugpfs/fs0/risc_lab/store/hcanaj/HC_GLOEseq_Novaseq_010925/fastqs_read1_read2/I_HB2_PLC_T1_S00_R2_0.fastq.gz]]
[B_GB1_0GyC_T1_S00, [/rugpfs/fs0/risc_lab/store/hcanaj/HC_GLOEseq_Novaseq_010925/fastqs_read1_read2/B_GB1_0GyC_T1_S00_R1_0.fastq.gz, /rugpfs/fs0/risc_lab/store/hcanaj/HC_GLOEseq_Novaseq_010925/fastqs_read1_read2/B_GB1_0GyC_T1_S00_R2_0.fastq.gz]]
[K_GB2_PLC_T1_S00, [/rugpfs/fs0/risc_lab/store/hcanaj/HC_GLOEseq_Novaseq_010925/fastqs_read1_read2/K_GB2_PLC_T1_S00_R1_0.fastq.gz, /rugpfs/fs0/risc_lab/store/hcanaj/HC_GLOEseq_Novaseq_010925/fastqs_read1_read2/K_GB2_PLC_T1_S00_R2_0.fastq.gz]]
[B_HB2_PLC_T1_S00, [/rugpfs/fs0/risc_lab/store/hcanaj/HC_GLOEseq_Novaseq_010925/fastqs_read1_read2/B_HB2_PLC_T1_S00_R1_0.fastq.gz, /rugpfs/fs0/risc_lab/store/hcanaj/HC_GLOEseq_Novaseq_010925/fastqs_read1_read2/B_HB2_PLC_T1_S00_R2_0.fastq.gz]]
[K_GB1_0GyC_T1_S00, [/rugpfs/fs0/risc_lab/store/hcanaj/HC_GLOEseq_Novaseq_010925/fastqs_read1_read2/K_GB1_0GyC_T1_S00_R1_0.fastq.gz, /rugpfs/fs0/risc_lab/store/hcanaj/HC_GLOEseq_Novaseq_010925/fastqs_read1_read2/K_GB1_0GyC_T1_S00_R2_0.fastq.gz]]
[I_GB1_0GyP_T1_S00, [/rugpfs/fs0/risc_lab/store/hcanaj/HC_GLOEseq_Novaseq_010925/fastqs_read1_read2/I_GB1_0GyP_T1_S00_R1_0.fastq.gz, /rugpfs/fs0/risc_lab/store/hcanaj/HC_GLOEseq_Novaseq_010925/fastqs_read1_read2/I_GB1_0GyP_T1_S00_R2_0.fastq.gz]]
[I_HB2_0GyP_T1_S00, [/rugpfs/fs0/risc_lab/store/hcanaj/HC_GLOEseq_Novaseq_010925/fastqs_read1_read2/I_HB2_0GyP_T1_S00_R1_0.fastq.gz, /rugpfs/fs0/risc_lab/store/hcanaj/HC_GLOEseq_Novaseq_010925/fastqs_read1_read2/I_HB2_0GyP_T1_S00_R2_0.fastq.gz]]
[I_GB2_0GyP_T1_S00, [/rugpfs/fs0/risc_lab/store/hcanaj/HC_GLOEseq_Novaseq_010925/fastqs_read1_read2/I_GB2_0GyP_T1_S00_R1_0.fastq.gz, /rugpfs/fs0/risc_lab/store/hcanaj/HC_GLOEseq_Novaseq_010925/fastqs_read1_read2/I_GB2_0GyP_T1_S00_R2_0.fastq.gz]]
[B_HB2_0GyP_T1_S00, [/rugpfs/fs0/risc_lab/store/hcanaj/HC_GLOEseq_Novaseq_010925/fastqs_read1_read2/B_HB2_0GyP_T1_S00_R1_0.fastq.gz, /rugpfs/fs0/risc_lab/store/hcanaj/HC_GLOEseq_Novaseq_010925/fastqs_read1_read2/B_HB2_0GyP_T1_S00_R2_0.fastq.gz]]
[R_GB2_PLC_T1_S00, [/rugpfs/fs0/risc_lab/store/hcanaj/HC_GLOEseq_Novaseq_010925/fastqs_read1_read2/R_GB2_PLC_T1_S00_R1_0.fastq.gz, /rugpfs/fs0/risc_lab/store/hcanaj/HC_GLOEseq_Novaseq_010925/fastqs_read1_read2/R_GB2_PLC_T1_S00_R2_0.fastq.gz]]
[I_GB1_0GyC_T1_S00, [/rugpfs/fs0/risc_lab/store/hcanaj/HC_GLOEseq_Novaseq_010925/fastqs_read1_read2/I_GB1_0GyC_T1_S00_R1_0.fastq.gz, /rugpfs/fs0/risc_lab/store/hcanaj/HC_GLOEseq_Novaseq_010925/fastqs_read1_read2/I_GB1_0GyC_T1_S00_R2_0.fastq.gz]]
[K_HB2_PLC_T1_S00, [/rugpfs/fs0/risc_lab/store/hcanaj/HC_GLOEseq_Novaseq_010925/fastqs_read1_read2/K_HB2_PLC_T1_S00_R1_0.fastq.gz, /rugpfs/fs0/risc_lab/store/hcanaj/HC_GLOEseq_Novaseq_010925/fastqs_read1_read2/K_HB2_PLC_T1_S00_R2_0.fastq.gz]]
[B_HB1_0GyC_T1_S00, [/rugpfs/fs0/risc_lab/store/hcanaj/HC_GLOEseq_Novaseq_010925/fastqs_read1_read2/B_HB1_0GyC_T1_S00_R1_0.fastq.gz, /rugpfs/fs0/risc_lab/store/hcanaj/HC_GLOEseq_Novaseq_010925/fastqs_read1_read2/B_HB1_0GyC_T1_S00_R2_0.fastq.gz]]
[I_HB2_0GyC_T1_S00, [/rugpfs/fs0/risc_lab/store/hcanaj/HC_GLOEseq_Novaseq_010925/fastqs_read1_read2/I_HB2_0GyC_T1_S00_R1_0.fastq.gz, /rugpfs/fs0/risc_lab/store/hcanaj/HC_GLOEseq_Novaseq_010925/fastqs_read1_read2/I_HB2_0GyC_T1_S00_R2_0.fastq.gz]]
[K_HB2_0GyC_T1_S00, [/rugpfs/fs0/risc_lab/store/hcanaj/HC_GLOEseq_Novaseq_010925/fastqs_read1_read2/K_HB2_0GyC_T1_S00_R1_0.fastq.gz, /rugpfs/fs0/risc_lab/store/hcanaj/HC_GLOEseq_Novaseq_010925/fastqs_read1_read2/K_HB2_0GyC_T1_S00_R2_0.fastq.gz]]
[I_GB1_PLC_T1_S00, [/rugpfs/fs0/risc_lab/store/hcanaj/HC_GLOEseq_Novaseq_010925/fastqs_read1_read2/I_GB1_PLC_T1_S00_R1_0.fastq.gz, /rugpfs/fs0/risc_lab/store/hcanaj/HC_GLOEseq_Novaseq_010925/fastqs_read1_read2/I_GB1_PLC_T1_S00_R2_0.fastq.gz]]
[R_HB1_Cells_T1_S00, [/rugpfs/fs0/risc_lab/store/hcanaj/HC_GLOEseq_Novaseq_010925/fastqs_read1_read2/R_HB1_Cells_T1_S00_R1_0.fastq.gz, /rugpfs/fs0/risc_lab/store/hcanaj/HC_GLOEseq_Novaseq_010925/fastqs_read1_read2/R_HB1_Cells_T1_S00_R2_0.fastq.gz]]
[B_GB2_Cells_T1_S00, [/rugpfs/fs0/risc_lab/store/hcanaj/HC_GLOEseq_Novaseq_010925/fastqs_read1_read2/B_GB2_Cells_T1_S00_R1_0.fastq.gz, /rugpfs/fs0/risc_lab/store/hcanaj/HC_GLOEseq_Novaseq_010925/fastqs_read1_read2/B_GB2_Cells_T1_S00_R2_0.fastq.gz]]
[I_HB1_Cells_T1_S00, [/rugpfs/fs0/risc_lab/store/hcanaj/HC_GLOEseq_Novaseq_010925/fastqs_read1_read2/I_HB1_Cells_T1_S00_R1_0.fastq.gz, /rugpfs/fs0/risc_lab/store/hcanaj/HC_GLOEseq_Novaseq_010925/fastqs_read1_read2/I_HB1_Cells_T1_S00_R2_0.fastq.gz]]
[R_GB1_0GyC_T1_S00, [/rugpfs/fs0/risc_lab/store/hcanaj/HC_GLOEseq_Novaseq_010925/fastqs_read1_read2/R_GB1_0GyC_T1_S00_R1_0.fastq.gz, /rugpfs/fs0/risc_lab/store/hcanaj/HC_GLOEseq_Novaseq_010925/fastqs_read1_read2/R_GB1_0GyC_T1_S00_R2_0.fastq.gz]]
[I_GB2_Cells_T1_S00, [/rugpfs/fs0/risc_lab/store/hcanaj/HC_GLOEseq_Novaseq_010925/fastqs_read1_read2/I_GB2_Cells_T1_S00_R1_0.fastq.gz, /rugpfs/fs0/risc_lab/store/hcanaj/HC_GLOEseq_Novaseq_010925/fastqs_read1_read2/I_GB2_Cells_T1_S00_R2_0.fastq.gz]]
[K_GB1_0GyP_T1_S00, [/rugpfs/fs0/risc_lab/store/hcanaj/HC_GLOEseq_Novaseq_010925/fastqs_read1_read2/K_GB1_0GyP_T1_S00_R1_0.fastq.gz, /rugpfs/fs0/risc_lab/store/hcanaj/HC_GLOEseq_Novaseq_010925/fastqs_read1_read2/K_GB1_0GyP_T1_S00_R2_0.fastq.gz]]
[K_GB1_Cells_T1_S00, [/rugpfs/fs0/risc_lab/store/hcanaj/HC_GLOEseq_Novaseq_010925/fastqs_read1_read2/K_GB1_Cells_T1_S00_R1_0.fastq.gz, /rugpfs/fs0/risc_lab/store/hcanaj/HC_GLOEseq_Novaseq_010925/fastqs_read1_read2/K_GB1_Cells_T1_S00_R2_0.fastq.gz]]
[I_HB1_0GyC_T1_S00, [/rugpfs/fs0/risc_lab/store/hcanaj/HC_GLOEseq_Novaseq_010925/fastqs_read1_read2/I_HB1_0GyC_T1_S00_R1_0.fastq.gz, /rugpfs/fs0/risc_lab/store/hcanaj/HC_GLOEseq_Novaseq_010925/fastqs_read1_read2/I_HB1_0GyC_T1_S00_R2_0.fastq.gz]]
[K_HB1_0GyP_T1_S00, [/rugpfs/fs0/risc_lab/store/hcanaj/HC_GLOEseq_Novaseq_010925/fastqs_read1_read2/K_HB1_0GyP_T1_S00_R1_0.fastq.gz, /rugpfs/fs0/risc_lab/store/hcanaj/HC_GLOEseq_Novaseq_010925/fastqs_read1_read2/K_HB1_0GyP_T1_S00_R2_0.fastq.gz]]
[K_HB1_PLC_T1_S00, [/rugpfs/fs0/risc_lab/store/hcanaj/HC_GLOEseq_Novaseq_010925/fastqs_read1_read2/K_HB1_PLC_T1_S00_R1_0.fastq.gz, /rugpfs/fs0/risc_lab/store/hcanaj/HC_GLOEseq_Novaseq_010925/fastqs_read1_read2/K_HB1_PLC_T1_S00_R2_0.fastq.gz]]
[I_HB1_0GyP_T1_S00, [/rugpfs/fs0/risc_lab/store/hcanaj/HC_GLOEseq_Novaseq_010925/fastqs_read1_read2/I_HB1_0GyP_T1_S00_R1_0.fastq.gz, /rugpfs/fs0/risc_lab/store/hcanaj/HC_GLOEseq_Novaseq_010925/fastqs_read1_read2/I_HB1_0GyP_T1_S00_R2_0.fastq.gz]]
[K_HB1_Cells_T1_S00, [/rugpfs/fs0/risc_lab/store/hcanaj/HC_GLOEseq_Novaseq_010925/fastqs_read1_read2/K_HB1_Cells_T1_S00_R1_0.fastq.gz, /rugpfs/fs0/risc_lab/store/hcanaj/HC_GLOEseq_Novaseq_010925/fastqs_read1_read2/K_HB1_Cells_T1_S00_R2_0.fastq.gz]]
[Undetermined_S00, [/rugpfs/fs0/risc_lab/store/hcanaj/HC_GLOEseq_Novaseq_010925/fastqs_read1_read2/Undetermined_S00_R1_0.fastq.gz, /rugpfs/fs0/risc_lab/store/hcanaj/HC_GLOEseq_Novaseq_010925/fastqs_read1_read2/Undetermined_S00_R2_0.fastq.gz]]
[R_GB1_Cells_T1_S00, [/rugpfs/fs0/risc_lab/store/hcanaj/HC_GLOEseq_Novaseq_010925/fastqs_read1_read2/R_GB1_Cells_T1_S00_R1_0.fastq.gz, /rugpfs/fs0/risc_lab/store/hcanaj/HC_GLOEseq_Novaseq_010925/fastqs_read1_read2/R_GB1_Cells_T1_S00_R2_0.fastq.gz]]
[R_HB2_0GyC_T1_S00, [/rugpfs/fs0/risc_lab/store/hcanaj/HC_GLOEseq_Novaseq_010925/fastqs_read1_read2/R_HB2_0GyC_T1_S00_R1_0.fastq.gz, /rugpfs/fs0/risc_lab/store/hcanaj/HC_GLOEseq_Novaseq_010925/fastqs_read1_read2/R_HB2_0GyC_T1_S00_R2_0.fastq.gz]]
[B_GB1_Cells_T1_S00, [/rugpfs/fs0/risc_lab/store/hcanaj/HC_GLOEseq_Novaseq_010925/fastqs_read1_read2/B_GB1_Cells_T1_S00_R1_0.fastq.gz, /rugpfs/fs0/risc_lab/store/hcanaj/HC_GLOEseq_Novaseq_010925/fastqs_read1_read2/B_GB1_Cells_T1_S00_R2_0.fastq.gz]]
[K_GB2_Cells_T1_S00, [/rugpfs/fs0/risc_lab/store/hcanaj/HC_GLOEseq_Novaseq_010925/fastqs_read1_read2/K_GB2_Cells_T1_S00_R1_0.fastq.gz, /rugpfs/fs0/risc_lab/store/hcanaj/HC_GLOEseq_Novaseq_010925/fastqs_read1_read2/K_GB2_Cells_T1_S00_R2_0.fastq.gz]]
[K_GB2_0GyC_T1_S00, [/rugpfs/fs0/risc_lab/store/hcanaj/HC_GLOEseq_Novaseq_010925/fastqs_read1_read2/K_GB2_0GyC_T1_S00_R1_0.fastq.gz, /rugpfs/fs0/risc_lab/store/hcanaj/HC_GLOEseq_Novaseq_010925/fastqs_read1_read2/K_GB2_0GyC_T1_S00_R2_0.fastq.gz]]
[R_GB1_PLC_T1_S00, [/rugpfs/fs0/risc_lab/store/hcanaj/HC_GLOEseq_Novaseq_010925/fastqs_read1_read2/R_GB1_PLC_T1_S00_R1_0.fastq.gz, /rugpfs/fs0/risc_lab/store/hcanaj/HC_GLOEseq_Novaseq_010925/fastqs_read1_read2/R_GB1_PLC_T1_S00_R2_0.fastq.gz]]
[B_GB2_0GyC_T1_S00, [/rugpfs/fs0/risc_lab/store/hcanaj/HC_GLOEseq_Novaseq_010925/fastqs_read1_read2/B_GB2_0GyC_T1_S00_R1_0.fastq.gz, /rugpfs/fs0/risc_lab/store/hcanaj/HC_GLOEseq_Novaseq_010925/fastqs_read1_read2/B_GB2_0GyC_T1_S00_R2_0.fastq.gz]]
[R_HB1_PLC_T1_S00, [/rugpfs/fs0/risc_lab/store/hcanaj/HC_GLOEseq_Novaseq_010925/fastqs_read1_read2/R_HB1_PLC_T1_S00_R1_0.fastq.gz, /rugpfs/fs0/risc_lab/store/hcanaj/HC_GLOEseq_Novaseq_010925/fastqs_read1_read2/R_HB1_PLC_T1_S00_R2_0.fastq.gz]]
[K_HB2_Cells_T1_S00, [/rugpfs/fs0/risc_lab/store/hcanaj/HC_GLOEseq_Novaseq_010925/fastqs_read1_read2/K_HB2_Cells_T1_S00_R1_0.fastq.gz, /rugpfs/fs0/risc_lab/store/hcanaj/HC_GLOEseq_Novaseq_010925/fastqs_read1_read2/K_HB2_Cells_T1_S00_R2_0.fastq.gz]]
[R_HB1_0GyP_T1_S00, [/rugpfs/fs0/risc_lab/store/hcanaj/HC_GLOEseq_Novaseq_010925/fastqs_read1_read2/R_HB1_0GyP_T1_S00_R1_0.fastq.gz, /rugpfs/fs0/risc_lab/store/hcanaj/HC_GLOEseq_Novaseq_010925/fastqs_read1_read2/R_HB1_0GyP_T1_S00_R2_0.fastq.gz]]
[B_HB2_Cells_T1_S00, [/rugpfs/fs0/risc_lab/store/hcanaj/HC_GLOEseq_Novaseq_010925/fastqs_read1_read2/B_HB2_Cells_T1_S00_R1_0.fastq.gz, /rugpfs/fs0/risc_lab/store/hcanaj/HC_GLOEseq_Novaseq_010925/fastqs_read1_read2/B_HB2_Cells_T1_S00_R2_0.fastq.gz]]
[B_HB1_PLC_T1_S00, [/rugpfs/fs0/risc_lab/store/hcanaj/HC_GLOEseq_Novaseq_010925/fastqs_read1_read2/B_HB1_PLC_T1_S00_R1_0.fastq.gz, /rugpfs/fs0/risc_lab/store/hcanaj/HC_GLOEseq_Novaseq_010925/fastqs_read1_read2/B_HB1_PLC_T1_S00_R2_0.fastq.gz]]
[B_GB1_PLC_T1_S00, [/rugpfs/fs0/risc_lab/store/hcanaj/HC_GLOEseq_Novaseq_010925/fastqs_read1_read2/B_GB1_PLC_T1_S00_R1_0.fastq.gz, /rugpfs/fs0/risc_lab/store/hcanaj/HC_GLOEseq_Novaseq_010925/fastqs_read1_read2/B_GB1_PLC_T1_S00_R2_0.fastq.gz]]
[R_GB2_0GyP_T1_S00, [/rugpfs/fs0/risc_lab/store/hcanaj/HC_GLOEseq_Novaseq_010925/fastqs_read1_read2/R_GB2_0GyP_T1_S00_R1_0.fastq.gz, /rugpfs/fs0/risc_lab/store/hcanaj/HC_GLOEseq_Novaseq_010925/fastqs_read1_read2/R_GB2_0GyP_T1_S00_R2_0.fastq.gz]]
[R_GB1_0GyP_T1_S00, [/rugpfs/fs0/risc_lab/store/hcanaj/HC_GLOEseq_Novaseq_010925/fastqs_read1_read2/R_GB1_0GyP_T1_S00_R1_0.fastq.gz, /rugpfs/fs0/risc_lab/store/hcanaj/HC_GLOEseq_Novaseq_010925/fastqs_read1_read2/R_GB1_0GyP_T1_S00_R2_0.fastq.gz]]
[R_HB1_0GyC_T1_S00, [/rugpfs/fs0/risc_lab/store/hcanaj/HC_GLOEseq_Novaseq_010925/fastqs_read1_read2/R_HB1_0GyC_T1_S00_R1_0.fastq.gz, /rugpfs/fs0/risc_lab/store/hcanaj/HC_GLOEseq_Novaseq_010925/fastqs_read1_read2/R_HB1_0GyC_T1_S00_R2_0.fastq.gz]]
[I_GB2_0GyC_T1_S00, [/rugpfs/fs0/risc_lab/store/hcanaj/HC_GLOEseq_Novaseq_010925/fastqs_read1_read2/I_GB2_0GyC_T1_S00_R1_0.fastq.gz, /rugpfs/fs0/risc_lab/store/hcanaj/HC_GLOEseq_Novaseq_010925/fastqs_read1_read2/I_GB2_0GyC_T1_S00_R2_0.fastq.gz]]
[R_HB2_PLC_T1_S00, [/rugpfs/fs0/risc_lab/store/hcanaj/HC_GLOEseq_Novaseq_010925/fastqs_read1_read2/R_HB2_PLC_T1_S00_R1_0.fastq.gz, /rugpfs/fs0/risc_lab/store/hcanaj/HC_GLOEseq_Novaseq_010925/fastqs_read1_read2/R_HB2_PLC_T1_S00_R2_0.fastq.gz]]
[K_GB2_0GyP_T1_S00, [/rugpfs/fs0/risc_lab/store/hcanaj/HC_GLOEseq_Novaseq_010925/fastqs_read1_read2/K_GB2_0GyP_T1_S00_R1_0.fastq.gz, /rugpfs/fs0/risc_lab/store/hcanaj/HC_GLOEseq_Novaseq_010925/fastqs_read1_read2/K_GB2_0GyP_T1_S00_R2_0.fastq.gz]]
[I_GB2_PLC_T1_S00, [/rugpfs/fs0/risc_lab/store/hcanaj/HC_GLOEseq_Novaseq_010925/fastqs_read1_read2/I_GB2_PLC_T1_S00_R1_0.fastq.gz, /rugpfs/fs0/risc_lab/store/hcanaj/HC_GLOEseq_Novaseq_010925/fastqs_read1_read2/I_GB2_PLC_T1_S00_R2_0.fastq.gz]]
[I_HB1_PLC_T1_S00, [/rugpfs/fs0/risc_lab/store/hcanaj/HC_GLOEseq_Novaseq_010925/fastqs_read1_read2/I_HB1_PLC_T1_S00_R1_0.fastq.gz, /rugpfs/fs0/risc_lab/store/hcanaj/HC_GLOEseq_Novaseq_010925/fastqs_read1_read2/I_HB1_PLC_T1_S00_R2_0.fastq.gz]]
[I_HB2_Cells_T1_S00, [/rugpfs/fs0/risc_lab/store/hcanaj/HC_GLOEseq_Novaseq_010925/fastqs_read1_read2/I_HB2_Cells_T1_S00_R1_0.fastq.gz, /rugpfs/fs0/risc_lab/store/hcanaj/HC_GLOEseq_Novaseq_010925/fastqs_read1_read2/I_HB2_Cells_T1_S00_R2_0.fastq.gz]]
[B_GB1_0GyP_T1_S00, [/rugpfs/fs0/risc_lab/store/hcanaj/HC_GLOEseq_Novaseq_010925/fastqs_read1_read2/B_GB1_0GyP_T1_S00_R1_0.fastq.gz, /rugpfs/fs0/risc_lab/store/hcanaj/HC_GLOEseq_Novaseq_010925/fastqs_read1_read2/B_GB1_0GyP_T1_S00_R2_0.fastq.gz]]
[R_HB2_Cells_T1_S00, [/rugpfs/fs0/risc_lab/store/hcanaj/HC_GLOEseq_Novaseq_010925/fastqs_read1_read2/R_HB2_Cells_T1_S00_R1_0.fastq.gz, /rugpfs/fs0/risc_lab/store/hcanaj/HC_GLOEseq_Novaseq_010925/fastqs_read1_read2/R_HB2_Cells_T1_S00_R2_0.fastq.gz]]
[K_HB1_0GyC_T1_S00, [/rugpfs/fs0/risc_lab/store/hcanaj/HC_GLOEseq_Novaseq_010925/fastqs_read1_read2/K_HB1_0GyC_T1_S00_R1_0.fastq.gz, /rugpfs/fs0/risc_lab/store/hcanaj/HC_GLOEseq_Novaseq_010925/fastqs_read1_read2/K_HB1_0GyC_T1_S00_R2_0.fastq.gz]]
[B_HB2_0GyC_T1_S00, [/rugpfs/fs0/risc_lab/store/hcanaj/HC_GLOEseq_Novaseq_010925/fastqs_read1_read2/B_HB2_0GyC_T1_S00_R1_0.fastq.gz, /rugpfs/fs0/risc_lab/store/hcanaj/HC_GLOEseq_Novaseq_010925/fastqs_read1_read2/B_HB2_0GyC_T1_S00_R2_0.fastq.gz]]
[B_GB2_0GyP_T1_S00, [/rugpfs/fs0/risc_lab/store/hcanaj/HC_GLOEseq_Novaseq_010925/fastqs_read1_read2/B_GB2_0GyP_T1_S00_R1_0.fastq.gz, /rugpfs/fs0/risc_lab/store/hcanaj/HC_GLOEseq_Novaseq_010925/fastqs_read1_read2/B_GB2_0GyP_T1_S00_R2_0.fastq.gz]]
[R_GB2_0GyC_T1_S00, [/rugpfs/fs0/risc_lab/store/hcanaj/HC_GLOEseq_Novaseq_010925/fastqs_read1_read2/R_GB2_0GyC_T1_S00_R1_0.fastq.gz, /rugpfs/fs0/risc_lab/store/hcanaj/HC_GLOEseq_Novaseq_010925/fastqs_read1_read2/R_GB2_0GyC_T1_S00_R2_0.fastq.gz]]
[K_GB1_PLC_T1_S00, [/rugpfs/fs0/risc_lab/store/hcanaj/HC_GLOEseq_Novaseq_010925/fastqs_read1_read2/K_GB1_PLC_T1_S00_R1_0.fastq.gz, /rugpfs/fs0/risc_lab/store/hcanaj/HC_GLOEseq_Novaseq_010925/fastqs_read1_read2/K_GB1_PLC_T1_S00_R2_0.fastq.gz]]
[I_GB1_Cells_T1_S00, [/rugpfs/fs0/risc_lab/store/hcanaj/HC_GLOEseq_Novaseq_010925/fastqs_read1_read2/I_GB1_Cells_T1_S00_R1_0.fastq.gz, /rugpfs/fs0/risc_lab/store/hcanaj/HC_GLOEseq_Novaseq_010925/fastqs_read1_read2/I_GB1_Cells_T1_S00_R2_0.fastq.gz]]
[R_HB2_0GyP_T1_S00, [/rugpfs/fs0/risc_lab/store/hcanaj/HC_GLOEseq_Novaseq_010925/fastqs_read1_read2/R_HB2_0GyP_T1_S00_R1_0.fastq.gz, /rugpfs/fs0/risc_lab/store/hcanaj/HC_GLOEseq_Novaseq_010925/fastqs_read1_read2/R_HB2_0GyP_T1_S00_R2_0.fastq.gz]]
[B_GB2_PLC_T1_S00, [/rugpfs/fs0/risc_lab/store/hcanaj/HC_GLOEseq_Novaseq_010925/fastqs_read1_read2/B_GB2_PLC_T1_S00_R1_0.fastq.gz, /rugpfs/fs0/risc_lab/store/hcanaj/HC_GLOEseq_Novaseq_010925/fastqs_read1_read2/B_GB2_PLC_T1_S00_R2_0.fastq.gz]]
[B_HB1_Cells_T1_S00, [/rugpfs/fs0/risc_lab/store/hcanaj/HC_GLOEseq_Novaseq_010925/fastqs_read1_read2/B_HB1_Cells_T1_S00_R1_0.fastq.gz, /rugpfs/fs0/risc_lab/store/hcanaj/HC_GLOEseq_Novaseq_010925/fastqs_read1_read2/B_HB1_Cells_T1_S00_R2_0.fastq.gz]]
[R_GB2_Cells_T1_S00, [/rugpfs/fs0/risc_lab/store/hcanaj/HC_GLOEseq_Novaseq_010925/fastqs_read1_read2/R_GB2_Cells_T1_S00_R1_0.fastq.gz, /rugpfs/fs0/risc_lab/store/hcanaj/HC_GLOEseq_Novaseq_010925/fastqs_read1_read2/R_GB2_Cells_T1_S00_R2_0.fastq.gz]]

executor >  slurm (3)
[eb/227bbe] process > random_test_j (3) [  0%] 0 of 3
[K_HB2_0GyP_T1_S00, [/rugpfs/fs0/risc_lab/store/hcanaj/HC_GLOEseq_Novaseq_010925/fastqs_read1_read2/K_HB2_0GyP_T1_S00_R1_0.fastq.gz, /rugpfs/fs0/risc_lab/store/hcanaj/HC_GLOEseq_Novaseq_010925/fastqs_read1_read2/K_HB2_0GyP_T1_S00_R2_0.fastq.gz]]
[B_HB1_0GyP_T1_S00, [/rugpfs/fs0/risc_lab/store/hcanaj/HC_GLOEseq_Novaseq_010925/fastqs_read1_read2/B_HB1_0GyP_T1_S00_R1_0.fastq.gz, /rugpfs/fs0/risc_lab/store/hcanaj/HC_GLOEseq_Novaseq_010925/fastqs_read1_read2/B_HB1_0GyP_T1_S00_R2_0.fastq.gz]]
[I_HB2_PLC_T1_S00, [/rugpfs/fs0/risc_lab/store/hcanaj/HC_GLOEseq_Novaseq_010925/fastqs_read1_read2/I_HB2_PLC_T1_S00_R1_0.fastq.gz, /rugpfs/fs0/risc_lab/store/hcanaj/HC_GLOEseq_Novaseq_010925/fastqs_read1_read2/I_HB2_PLC_T1_S00_R2_0.fastq.gz]]
[B_GB1_0GyC_T1_S00, [/rugpfs/fs0/risc_lab/store/hcanaj/HC_GLOEseq_Novaseq_010925/fastqs_read1_read2/B_GB1_0GyC_T1_S00_R1_0.fastq.gz, /rugpfs/fs0/risc_lab/store/hcanaj/HC_GLOEseq_Novaseq_010925/fastqs_read1_read2/B_GB1_0GyC_T1_S00_R2_0.fastq.gz]]
[K_GB2_PLC_T1_S00, [/rugpfs/fs0/risc_lab/store/hcanaj/HC_GLOEseq_Novaseq_010925/fastqs_read1_read2/K_GB2_PLC_T1_S00_R1_0.fastq.gz, /rugpfs/fs0/risc_lab/store/hcanaj/HC_GLOEseq_Novaseq_010925/fastqs_read1_read2/K_GB2_PLC_T1_S00_R2_0.fastq.gz]]
[B_HB2_PLC_T1_S00, [/rugpfs/fs0/risc_lab/store/hcanaj/HC_GLOEseq_Novaseq_010925/fastqs_read1_read2/B_HB2_PLC_T1_S00_R1_0.fastq.gz, /rugpfs/fs0/risc_lab/store/hcanaj/HC_GLOEseq_Novaseq_010925/fastqs_read1_read2/B_HB2_PLC_T1_S00_R2_0.fastq.gz]]
[K_GB1_0GyC_T1_S00, [/rugpfs/fs0/risc_lab/store/hcanaj/HC_GLOEseq_Novaseq_010925/fastqs_read1_read2/K_GB1_0GyC_T1_S00_R1_0.fastq.gz, /rugpfs/fs0/risc_lab/store/hcanaj/HC_GLOEseq_Novaseq_010925/fastqs_read1_read2/K_GB1_0GyC_T1_S00_R2_0.fastq.gz]]
[I_GB1_0GyP_T1_S00, [/rugpfs/fs0/risc_lab/store/hcanaj/HC_GLOEseq_Novaseq_010925/fastqs_read1_read2/I_GB1_0GyP_T1_S00_R1_0.fastq.gz, /rugpfs/fs0/risc_lab/store/hcanaj/HC_GLOEseq_Novaseq_010925/fastqs_read1_read2/I_GB1_0GyP_T1_S00_R2_0.fastq.gz]]
[I_HB2_0GyP_T1_S00, [/rugpfs/fs0/risc_lab/store/hcanaj/HC_GLOEseq_Novaseq_010925/fastqs_read1_read2/I_HB2_0GyP_T1_S00_R1_0.fastq.gz, /rugpfs/fs0/risc_lab/store/hcanaj/HC_GLOEseq_Novaseq_010925/fastqs_read1_read2/I_HB2_0GyP_T1_S00_R2_0.fastq.gz]]
[I_GB2_0GyP_T1_S00, [/rugpfs/fs0/risc_lab/store/hcanaj/HC_GLOEseq_Novaseq_010925/fastqs_read1_read2/I_GB2_0GyP_T1_S00_R1_0.fastq.gz, /rugpfs/fs0/risc_lab/store/hcanaj/HC_GLOEseq_Novaseq_010925/fastqs_read1_read2/I_GB2_0GyP_T1_S00_R2_0.fastq.gz]]
[B_HB2_0GyP_T1_S00, [/rugpfs/fs0/risc_lab/store/hcanaj/HC_GLOEseq_Novaseq_010925/fastqs_read1_read2/B_HB2_0GyP_T1_S00_R1_0.fastq.gz, /rugpfs/fs0/risc_lab/store/hcanaj/HC_GLOEseq_Novaseq_010925/fastqs_read1_read2/B_HB2_0GyP_T1_S00_R2_0.fastq.gz]]
[R_GB2_PLC_T1_S00, [/rugpfs/fs0/risc_lab/store/hcanaj/HC_GLOEseq_Novaseq_010925/fastqs_read1_read2/R_GB2_PLC_T1_S00_R1_0.fastq.gz, /rugpfs/fs0/risc_lab/store/hcanaj/HC_GLOEseq_Novaseq_010925/fastqs_read1_read2/R_GB2_PLC_T1_S00_R2_0.fastq.gz]]
[I_GB1_0GyC_T1_S00, [/rugpfs/fs0/risc_lab/store/hcanaj/HC_GLOEseq_Novaseq_010925/fastqs_read1_read2/I_GB1_0GyC_T1_S00_R1_0.fastq.gz, /rugpfs/fs0/risc_lab/store/hcanaj/HC_GLOEseq_Novaseq_010925/fastqs_read1_read2/I_GB1_0GyC_T1_S00_R2_0.fastq.gz]]
[K_HB2_PLC_T1_S00, [/rugpfs/fs0/risc_lab/store/hcanaj/HC_GLOEseq_Novaseq_010925/fastqs_read1_read2/K_HB2_PLC_T1_S00_R1_0.fastq.gz, /rugpfs/fs0/risc_lab/store/hcanaj/HC_GLOEseq_Novaseq_010925/fastqs_read1_read2/K_HB2_PLC_T1_S00_R2_0.fastq.gz]]
[B_HB1_0GyC_T1_S00, [/rugpfs/fs0/risc_lab/store/hcanaj/HC_GLOEseq_Novaseq_010925/fastqs_read1_read2/B_HB1_0GyC_T1_S00_R1_0.fastq.gz, /rugpfs/fs0/risc_lab/store/hcanaj/HC_GLOEseq_Novaseq_010925/fastqs_read1_read2/B_HB1_0GyC_T1_S00_R2_0.fastq.gz]]
[I_HB2_0GyC_T1_S00, [/rugpfs/fs0/risc_lab/store/hcanaj/HC_GLOEseq_Novaseq_010925/fastqs_read1_read2/I_HB2_0GyC_T1_S00_R1_0.fastq.gz, /rugpfs/fs0/risc_lab/store/hcanaj/HC_GLOEseq_Novaseq_010925/fastqs_read1_read2/I_HB2_0GyC_T1_S00_R2_0.fastq.gz]]
[K_HB2_0GyC_T1_S00, [/rugpfs/fs0/risc_lab/store/hcanaj/HC_GLOEseq_Novaseq_010925/fastqs_read1_read2/K_HB2_0GyC_T1_S00_R1_0.fastq.gz, /rugpfs/fs0/risc_lab/store/hcanaj/HC_GLOEseq_Novaseq_010925/fastqs_read1_read2/K_HB2_0GyC_T1_S00_R2_0.fastq.gz]]
[I_GB1_PLC_T1_S00, [/rugpfs/fs0/risc_lab/store/hcanaj/HC_GLOEseq_Novaseq_010925/fastqs_read1_read2/I_GB1_PLC_T1_S00_R1_0.fastq.gz, /rugpfs/fs0/risc_lab/store/hcanaj/HC_GLOEseq_Novaseq_010925/fastqs_read1_read2/I_GB1_PLC_T1_S00_R2_0.fastq.gz]]
[R_HB1_Cells_T1_S00, [/rugpfs/fs0/risc_lab/store/hcanaj/HC_GLOEseq_Novaseq_010925/fastqs_read1_read2/R_HB1_Cells_T1_S00_R1_0.fastq.gz, /rugpfs/fs0/risc_lab/store/hcanaj/HC_GLOEseq_Novaseq_010925/fastqs_read1_read2/R_HB1_Cells_T1_S00_R2_0.fastq.gz]]
[B_GB2_Cells_T1_S00, [/rugpfs/fs0/risc_lab/store/hcanaj/HC_GLOEseq_Novaseq_010925/fastqs_read1_read2/B_GB2_Cells_T1_S00_R1_0.fastq.gz, /rugpfs/fs0/risc_lab/store/hcanaj/HC_GLOEseq_Novaseq_010925/fastqs_read1_read2/B_GB2_Cells_T1_S00_R2_0.fastq.gz]]
[I_HB1_Cells_T1_S00, [/rugpfs/fs0/risc_lab/store/hcanaj/HC_GLOEseq_Novaseq_010925/fastqs_read1_read2/I_HB1_Cells_T1_S00_R1_0.fastq.gz, /rugpfs/fs0/risc_lab/store/hcanaj/HC_GLOEseq_Novaseq_010925/fastqs_read1_read2/I_HB1_Cells_T1_S00_R2_0.fastq.gz]]
[R_GB1_0GyC_T1_S00, [/rugpfs/fs0/risc_lab/store/hcanaj/HC_GLOEseq_Novaseq_010925/fastqs_read1_read2/R_GB1_0GyC_T1_S00_R1_0.fastq.gz, /rugpfs/fs0/risc_lab/store/hcanaj/HC_GLOEseq_Novaseq_010925/fastqs_read1_read2/R_GB1_0GyC_T1_S00_R2_0.fastq.gz]]
[I_GB2_Cells_T1_S00, [/rugpfs/fs0/risc_lab/store/hcanaj/HC_GLOEseq_Novaseq_010925/fastqs_read1_read2/I_GB2_Cells_T1_S00_R1_0.fastq.gz, /rugpfs/fs0/risc_lab/store/hcanaj/HC_GLOEseq_Novaseq_010925/fastqs_read1_read2/I_GB2_Cells_T1_S00_R2_0.fastq.gz]]
[K_GB1_0GyP_T1_S00, [/rugpfs/fs0/risc_lab/store/hcanaj/HC_GLOEseq_Novaseq_010925/fastqs_read1_read2/K_GB1_0GyP_T1_S00_R1_0.fastq.gz, /rugpfs/fs0/risc_lab/store/hcanaj/HC_GLOEseq_Novaseq_010925/fastqs_read1_read2/K_GB1_0GyP_T1_S00_R2_0.fastq.gz]]
[K_GB1_Cells_T1_S00, [/rugpfs/fs0/risc_lab/store/hcanaj/HC_GLOEseq_Novaseq_010925/fastqs_read1_read2/K_GB1_Cells_T1_S00_R1_0.fastq.gz, /rugpfs/fs0/risc_lab/store/hcanaj/HC_GLOEseq_Novaseq_010925/fastqs_read1_read2/K_GB1_Cells_T1_S00_R2_0.fastq.gz]]
[I_HB1_0GyC_T1_S00, [/rugpfs/fs0/risc_lab/store/hcanaj/HC_GLOEseq_Novaseq_010925/fastqs_read1_read2/I_HB1_0GyC_T1_S00_R1_0.fastq.gz, /rugpfs/fs0/risc_lab/store/hcanaj/HC_GLOEseq_Novaseq_010925/fastqs_read1_read2/I_HB1_0GyC_T1_S00_R2_0.fastq.gz]]
[K_HB1_0GyP_T1_S00, [/rugpfs/fs0/risc_lab/store/hcanaj/HC_GLOEseq_Novaseq_010925/fastqs_read1_read2/K_HB1_0GyP_T1_S00_R1_0.fastq.gz, /rugpfs/fs0/risc_lab/store/hcanaj/HC_GLOEseq_Novaseq_010925/fastqs_read1_read2/K_HB1_0GyP_T1_S00_R2_0.fastq.gz]]
[K_HB1_PLC_T1_S00, [/rugpfs/fs0/risc_lab/store/hcanaj/HC_GLOEseq_Novaseq_010925/fastqs_read1_read2/K_HB1_PLC_T1_S00_R1_0.fastq.gz, /rugpfs/fs0/risc_lab/store/hcanaj/HC_GLOEseq_Novaseq_010925/fastqs_read1_read2/K_HB1_PLC_T1_S00_R2_0.fastq.gz]]
[I_HB1_0GyP_T1_S00, [/rugpfs/fs0/risc_lab/store/hcanaj/HC_GLOEseq_Novaseq_010925/fastqs_read1_read2/I_HB1_0GyP_T1_S00_R1_0.fastq.gz, /rugpfs/fs0/risc_lab/store/hcanaj/HC_GLOEseq_Novaseq_010925/fastqs_read1_read2/I_HB1_0GyP_T1_S00_R2_0.fastq.gz]]
[K_HB1_Cells_T1_S00, [/rugpfs/fs0/risc_lab/store/hcanaj/HC_GLOEseq_Novaseq_010925/fastqs_read1_read2/K_HB1_Cells_T1_S00_R1_0.fastq.gz, /rugpfs/fs0/risc_lab/store/hcanaj/HC_GLOEseq_Novaseq_010925/fastqs_read1_read2/K_HB1_Cells_T1_S00_R2_0.fastq.gz]]
[Undetermined_S00, [/rugpfs/fs0/risc_lab/store/hcanaj/HC_GLOEseq_Novaseq_010925/fastqs_read1_read2/Undetermined_S00_R1_0.fastq.gz, /rugpfs/fs0/risc_lab/store/hcanaj/HC_GLOEseq_Novaseq_010925/fastqs_read1_read2/Undetermined_S00_R2_0.fastq.gz]]
[R_GB1_Cells_T1_S00, [/rugpfs/fs0/risc_lab/store/hcanaj/HC_GLOEseq_Novaseq_010925/fastqs_read1_read2/R_GB1_Cells_T1_S00_R1_0.fastq.gz, /rugpfs/fs0/risc_lab/store/hcanaj/HC_GLOEseq_Novaseq_010925/fastqs_read1_read2/R_GB1_Cells_T1_S00_R2_0.fastq.gz]]
[R_HB2_0GyC_T1_S00, [/rugpfs/fs0/risc_lab/store/hcanaj/HC_GLOEseq_Novaseq_010925/fastqs_read1_read2/R_HB2_0GyC_T1_S00_R1_0.fastq.gz, /rugpfs/fs0/risc_lab/store/hcanaj/HC_GLOEseq_Novaseq_010925/fastqs_read1_read2/R_HB2_0GyC_T1_S00_R2_0.fastq.gz]]
[B_GB1_Cells_T1_S00, [/rugpfs/fs0/risc_lab/store/hcanaj/HC_GLOEseq_Novaseq_010925/fastqs_read1_read2/B_GB1_Cells_T1_S00_R1_0.fastq.gz, /rugpfs/fs0/risc_lab/store/hcanaj/HC_GLOEseq_Novaseq_010925/fastqs_read1_read2/B_GB1_Cells_T1_S00_R2_0.fastq.gz]]
[K_GB2_Cells_T1_S00, [/rugpfs/fs0/risc_lab/store/hcanaj/HC_GLOEseq_Novaseq_010925/fastqs_read1_read2/K_GB2_Cells_T1_S00_R1_0.fastq.gz, /rugpfs/fs0/risc_lab/store/hcanaj/HC_GLOEseq_Novaseq_010925/fastqs_read1_read2/K_GB2_Cells_T1_S00_R2_0.fastq.gz]]
[K_GB2_0GyC_T1_S00, [/rugpfs/fs0/risc_lab/store/hcanaj/HC_GLOEseq_Novaseq_010925/fastqs_read1_read2/K_GB2_0GyC_T1_S00_R1_0.fastq.gz, /rugpfs/fs0/risc_lab/store/hcanaj/HC_GLOEseq_Novaseq_010925/fastqs_read1_read2/K_GB2_0GyC_T1_S00_R2_0.fastq.gz]]
[R_GB1_PLC_T1_S00, [/rugpfs/fs0/risc_lab/store/hcanaj/HC_GLOEseq_Novaseq_010925/fastqs_read1_read2/R_GB1_PLC_T1_S00_R1_0.fastq.gz, /rugpfs/fs0/risc_lab/store/hcanaj/HC_GLOEseq_Novaseq_010925/fastqs_read1_read2/R_GB1_PLC_T1_S00_R2_0.fastq.gz]]
[B_GB2_0GyC_T1_S00, [/rugpfs/fs0/risc_lab/store/hcanaj/HC_GLOEseq_Novaseq_010925/fastqs_read1_read2/B_GB2_0GyC_T1_S00_R1_0.fastq.gz, /rugpfs/fs0/risc_lab/store/hcanaj/HC_GLOEseq_Novaseq_010925/fastqs_read1_read2/B_GB2_0GyC_T1_S00_R2_0.fastq.gz]]
[R_HB1_PLC_T1_S00, [/rugpfs/fs0/risc_lab/store/hcanaj/HC_GLOEseq_Novaseq_010925/fastqs_read1_read2/R_HB1_PLC_T1_S00_R1_0.fastq.gz, /rugpfs/fs0/risc_lab/store/hcanaj/HC_GLOEseq_Novaseq_010925/fastqs_read1_read2/R_HB1_PLC_T1_S00_R2_0.fastq.gz]]
[K_HB2_Cells_T1_S00, [/rugpfs/fs0/risc_lab/store/hcanaj/HC_GLOEseq_Novaseq_010925/fastqs_read1_read2/K_HB2_Cells_T1_S00_R1_0.fastq.gz, /rugpfs/fs0/risc_lab/store/hcanaj/HC_GLOEseq_Novaseq_010925/fastqs_read1_read2/K_HB2_Cells_T1_S00_R2_0.fastq.gz]]
[R_HB1_0GyP_T1_S00, [/rugpfs/fs0/risc_lab/store/hcanaj/HC_GLOEseq_Novaseq_010925/fastqs_read1_read2/R_HB1_0GyP_T1_S00_R1_0.fastq.gz, /rugpfs/fs0/risc_lab/store/hcanaj/HC_GLOEseq_Novaseq_010925/fastqs_read1_read2/R_HB1_0GyP_T1_S00_R2_0.fastq.gz]]
[B_HB2_Cells_T1_S00, [/rugpfs/fs0/risc_lab/store/hcanaj/HC_GLOEseq_Novaseq_010925/fastqs_read1_read2/B_HB2_Cells_T1_S00_R1_0.fastq.gz, /rugpfs/fs0/risc_lab/store/hcanaj/HC_GLOEseq_Novaseq_010925/fastqs_read1_read2/B_HB2_Cells_T1_S00_R2_0.fastq.gz]]
[B_HB1_PLC_T1_S00, [/rugpfs/fs0/risc_lab/store/hcanaj/HC_GLOEseq_Novaseq_010925/fastqs_read1_read2/B_HB1_PLC_T1_S00_R1_0.fastq.gz, /rugpfs/fs0/risc_lab/store/hcanaj/HC_GLOEseq_Novaseq_010925/fastqs_read1_read2/B_HB1_PLC_T1_S00_R2_0.fastq.gz]]
[B_GB1_PLC_T1_S00, [/rugpfs/fs0/risc_lab/store/hcanaj/HC_GLOEseq_Novaseq_010925/fastqs_read1_read2/B_GB1_PLC_T1_S00_R1_0.fastq.gz, /rugpfs/fs0/risc_lab/store/hcanaj/HC_GLOEseq_Novaseq_010925/fastqs_read1_read2/B_GB1_PLC_T1_S00_R2_0.fastq.gz]]
[R_GB2_0GyP_T1_S00, [/rugpfs/fs0/risc_lab/store/hcanaj/HC_GLOEseq_Novaseq_010925/fastqs_read1_read2/R_GB2_0GyP_T1_S00_R1_0.fastq.gz, /rugpfs/fs0/risc_lab/store/hcanaj/HC_GLOEseq_Novaseq_010925/fastqs_read1_read2/R_GB2_0GyP_T1_S00_R2_0.fastq.gz]]
[R_GB1_0GyP_T1_S00, [/rugpfs/fs0/risc_lab/store/hcanaj/HC_GLOEseq_Novaseq_010925/fastqs_read1_read2/R_GB1_0GyP_T1_S00_R1_0.fastq.gz, /rugpfs/fs0/risc_lab/store/hcanaj/HC_GLOEseq_Novaseq_010925/fastqs_read1_read2/R_GB1_0GyP_T1_S00_R2_0.fastq.gz]]
[R_HB1_0GyC_T1_S00, [/rugpfs/fs0/risc_lab/store/hcanaj/HC_GLOEseq_Novaseq_010925/fastqs_read1_read2/R_HB1_0GyC_T1_S00_R1_0.fastq.gz, /rugpfs/fs0/risc_lab/store/hcanaj/HC_GLOEseq_Novaseq_010925/fastqs_read1_read2/R_HB1_0GyC_T1_S00_R2_0.fastq.gz]]
[I_GB2_0GyC_T1_S00, [/rugpfs/fs0/risc_lab/store/hcanaj/HC_GLOEseq_Novaseq_010925/fastqs_read1_read2/I_GB2_0GyC_T1_S00_R1_0.fastq.gz, /rugpfs/fs0/risc_lab/store/hcanaj/HC_GLOEseq_Novaseq_010925/fastqs_read1_read2/I_GB2_0GyC_T1_S00_R2_0.fastq.gz]]
[R_HB2_PLC_T1_S00, [/rugpfs/fs0/risc_lab/store/hcanaj/HC_GLOEseq_Novaseq_010925/fastqs_read1_read2/R_HB2_PLC_T1_S00_R1_0.fastq.gz, /rugpfs/fs0/risc_lab/store/hcanaj/HC_GLOEseq_Novaseq_010925/fastqs_read1_read2/R_HB2_PLC_T1_S00_R2_0.fastq.gz]]
[K_GB2_0GyP_T1_S00, [/rugpfs/fs0/risc_lab/store/hcanaj/HC_GLOEseq_Novaseq_010925/fastqs_read1_read2/K_GB2_0GyP_T1_S00_R1_0.fastq.gz, /rugpfs/fs0/risc_lab/store/hcanaj/HC_GLOEseq_Novaseq_010925/fastqs_read1_read2/K_GB2_0GyP_T1_S00_R2_0.fastq.gz]]
[I_GB2_PLC_T1_S00, [/rugpfs/fs0/risc_lab/store/hcanaj/HC_GLOEseq_Novaseq_010925/fastqs_read1_read2/I_GB2_PLC_T1_S00_R1_0.fastq.gz, /rugpfs/fs0/risc_lab/store/hcanaj/HC_GLOEseq_Novaseq_010925/fastqs_read1_read2/I_GB2_PLC_T1_S00_R2_0.fastq.gz]]
[I_HB1_PLC_T1_S00, [/rugpfs/fs0/risc_lab/store/hcanaj/HC_GLOEseq_Novaseq_010925/fastqs_read1_read2/I_HB1_PLC_T1_S00_R1_0.fastq.gz, /rugpfs/fs0/risc_lab/store/hcanaj/HC_GLOEseq_Novaseq_010925/fastqs_read1_read2/I_HB1_PLC_T1_S00_R2_0.fastq.gz]]
[I_HB2_Cells_T1_S00, [/rugpfs/fs0/risc_lab/store/hcanaj/HC_GLOEseq_Novaseq_010925/fastqs_read1_read2/I_HB2_Cells_T1_S00_R1_0.fastq.gz, /rugpfs/fs0/risc_lab/store/hcanaj/HC_GLOEseq_Novaseq_010925/fastqs_read1_read2/I_HB2_Cells_T1_S00_R2_0.fastq.gz]]
[B_GB1_0GyP_T1_S00, [/rugpfs/fs0/risc_lab/store/hcanaj/HC_GLOEseq_Novaseq_010925/fastqs_read1_read2/B_GB1_0GyP_T1_S00_R1_0.fastq.gz, /rugpfs/fs0/risc_lab/store/hcanaj/HC_GLOEseq_Novaseq_010925/fastqs_read1_read2/B_GB1_0GyP_T1_S00_R2_0.fastq.gz]]
[R_HB2_Cells_T1_S00, [/rugpfs/fs0/risc_lab/store/hcanaj/HC_GLOEseq_Novaseq_010925/fastqs_read1_read2/R_HB2_Cells_T1_S00_R1_0.fastq.gz, /rugpfs/fs0/risc_lab/store/hcanaj/HC_GLOEseq_Novaseq_010925/fastqs_read1_read2/R_HB2_Cells_T1_S00_R2_0.fastq.gz]]
[K_HB1_0GyC_T1_S00, [/rugpfs/fs0/risc_lab/store/hcanaj/HC_GLOEseq_Novaseq_010925/fastqs_read1_read2/K_HB1_0GyC_T1_S00_R1_0.fastq.gz, /rugpfs/fs0/risc_lab/store/hcanaj/HC_GLOEseq_Novaseq_010925/fastqs_read1_read2/K_HB1_0GyC_T1_S00_R2_0.fastq.gz]]
[B_HB2_0GyC_T1_S00, [/rugpfs/fs0/risc_lab/store/hcanaj/HC_GLOEseq_Novaseq_010925/fastqs_read1_read2/B_HB2_0GyC_T1_S00_R1_0.fastq.gz, /rugpfs/fs0/risc_lab/store/hcanaj/HC_GLOEseq_Novaseq_010925/fastqs_read1_read2/B_HB2_0GyC_T1_S00_R2_0.fastq.gz]]
[B_GB2_0GyP_T1_S00, [/rugpfs/fs0/risc_lab/store/hcanaj/HC_GLOEseq_Novaseq_010925/fastqs_read1_read2/B_GB2_0GyP_T1_S00_R1_0.fastq.gz, /rugpfs/fs0/risc_lab/store/hcanaj/HC_GLOEseq_Novaseq_010925/fastqs_read1_read2/B_GB2_0GyP_T1_S00_R2_0.fastq.gz]]
[R_GB2_0GyC_T1_S00, [/rugpfs/fs0/risc_lab/store/hcanaj/HC_GLOEseq_Novaseq_010925/fastqs_read1_read2/R_GB2_0GyC_T1_S00_R1_0.fastq.gz, /rugpfs/fs0/risc_lab/store/hcanaj/HC_GLOEseq_Novaseq_010925/fastqs_read1_read2/R_GB2_0GyC_T1_S00_R2_0.fastq.gz]]
[K_GB1_PLC_T1_S00, [/rugpfs/fs0/risc_lab/store/hcanaj/HC_GLOEseq_Novaseq_010925/fastqs_read1_read2/K_GB1_PLC_T1_S00_R1_0.fastq.gz, /rugpfs/fs0/risc_lab/store/hcanaj/HC_GLOEseq_Novaseq_010925/fastqs_read1_read2/K_GB1_PLC_T1_S00_R2_0.fastq.gz]]
[I_GB1_Cells_T1_S00, [/rugpfs/fs0/risc_lab/store/hcanaj/HC_GLOEseq_Novaseq_010925/fastqs_read1_read2/I_GB1_Cells_T1_S00_R1_0.fastq.gz, /rugpfs/fs0/risc_lab/store/hcanaj/HC_GLOEseq_Novaseq_010925/fastqs_read1_read2/I_GB1_Cells_T1_S00_R2_0.fastq.gz]]
[R_HB2_0GyP_T1_S00, [/rugpfs/fs0/risc_lab/store/hcanaj/HC_GLOEseq_Novaseq_010925/fastqs_read1_read2/R_HB2_0GyP_T1_S00_R1_0.fastq.gz, /rugpfs/fs0/risc_lab/store/hcanaj/HC_GLOEseq_Novaseq_010925/fastqs_read1_read2/R_HB2_0GyP_T1_S00_R2_0.fastq.gz]]
[B_GB2_PLC_T1_S00, [/rugpfs/fs0/risc_lab/store/hcanaj/HC_GLOEseq_Novaseq_010925/fastqs_read1_read2/B_GB2_PLC_T1_S00_R1_0.fastq.gz, /rugpfs/fs0/risc_lab/store/hcanaj/HC_GLOEseq_Novaseq_010925/fastqs_read1_read2/B_GB2_PLC_T1_S00_R2_0.fastq.gz]]
[B_HB1_Cells_T1_S00, [/rugpfs/fs0/risc_lab/store/hcanaj/HC_GLOEseq_Novaseq_010925/fastqs_read1_read2/B_HB1_Cells_T1_S00_R1_0.fastq.gz, /rugpfs/fs0/risc_lab/store/hcanaj/HC_GLOEseq_Novaseq_010925/fastqs_read1_read2/B_HB1_Cells_T1_S00_R2_0.fastq.gz]]
[R_GB2_Cells_T1_S00, [/rugpfs/fs0/risc_lab/store/hcanaj/HC_GLOEseq_Novaseq_010925/fastqs_read1_read2/R_GB2_Cells_T1_S00_R1_0.fastq.gz, /rugpfs/fs0/risc_lab/store/hcanaj/HC_GLOEseq_Novaseq_010925/fastqs_read1_read2/R_GB2_Cells_T1_S00_R2_0.fastq.gz]]

executor >  slurm (3)
[eb/227bbe] process > random_test_j (3) [100%] 3 of 3 ✔
[K_HB2_0GyP_T1_S00, [/rugpfs/fs0/risc_lab/store/hcanaj/HC_GLOEseq_Novaseq_010925/fastqs_read1_read2/K_HB2_0GyP_T1_S00_R1_0.fastq.gz, /rugpfs/fs0/risc_lab/store/hcanaj/HC_GLOEseq_Novaseq_010925/fastqs_read1_read2/K_HB2_0GyP_T1_S00_R2_0.fastq.gz]]
[B_HB1_0GyP_T1_S00, [/rugpfs/fs0/risc_lab/store/hcanaj/HC_GLOEseq_Novaseq_010925/fastqs_read1_read2/B_HB1_0GyP_T1_S00_R1_0.fastq.gz, /rugpfs/fs0/risc_lab/store/hcanaj/HC_GLOEseq_Novaseq_010925/fastqs_read1_read2/B_HB1_0GyP_T1_S00_R2_0.fastq.gz]]
[I_HB2_PLC_T1_S00, [/rugpfs/fs0/risc_lab/store/hcanaj/HC_GLOEseq_Novaseq_010925/fastqs_read1_read2/I_HB2_PLC_T1_S00_R1_0.fastq.gz, /rugpfs/fs0/risc_lab/store/hcanaj/HC_GLOEseq_Novaseq_010925/fastqs_read1_read2/I_HB2_PLC_T1_S00_R2_0.fastq.gz]]
[B_GB1_0GyC_T1_S00, [/rugpfs/fs0/risc_lab/store/hcanaj/HC_GLOEseq_Novaseq_010925/fastqs_read1_read2/B_GB1_0GyC_T1_S00_R1_0.fastq.gz, /rugpfs/fs0/risc_lab/store/hcanaj/HC_GLOEseq_Novaseq_010925/fastqs_read1_read2/B_GB1_0GyC_T1_S00_R2_0.fastq.gz]]
[K_GB2_PLC_T1_S00, [/rugpfs/fs0/risc_lab/store/hcanaj/HC_GLOEseq_Novaseq_010925/fastqs_read1_read2/K_GB2_PLC_T1_S00_R1_0.fastq.gz, /rugpfs/fs0/risc_lab/store/hcanaj/HC_GLOEseq_Novaseq_010925/fastqs_read1_read2/K_GB2_PLC_T1_S00_R2_0.fastq.gz]]
[B_HB2_PLC_T1_S00, [/rugpfs/fs0/risc_lab/store/hcanaj/HC_GLOEseq_Novaseq_010925/fastqs_read1_read2/B_HB2_PLC_T1_S00_R1_0.fastq.gz, /rugpfs/fs0/risc_lab/store/hcanaj/HC_GLOEseq_Novaseq_010925/fastqs_read1_read2/B_HB2_PLC_T1_S00_R2_0.fastq.gz]]
[K_GB1_0GyC_T1_S00, [/rugpfs/fs0/risc_lab/store/hcanaj/HC_GLOEseq_Novaseq_010925/fastqs_read1_read2/K_GB1_0GyC_T1_S00_R1_0.fastq.gz, /rugpfs/fs0/risc_lab/store/hcanaj/HC_GLOEseq_Novaseq_010925/fastqs_read1_read2/K_GB1_0GyC_T1_S00_R2_0.fastq.gz]]
[I_GB1_0GyP_T1_S00, [/rugpfs/fs0/risc_lab/store/hcanaj/HC_GLOEseq_Novaseq_010925/fastqs_read1_read2/I_GB1_0GyP_T1_S00_R1_0.fastq.gz, /rugpfs/fs0/risc_lab/store/hcanaj/HC_GLOEseq_Novaseq_010925/fastqs_read1_read2/I_GB1_0GyP_T1_S00_R2_0.fastq.gz]]
[I_HB2_0GyP_T1_S00, [/rugpfs/fs0/risc_lab/store/hcanaj/HC_GLOEseq_Novaseq_010925/fastqs_read1_read2/I_HB2_0GyP_T1_S00_R1_0.fastq.gz, /rugpfs/fs0/risc_lab/store/hcanaj/HC_GLOEseq_Novaseq_010925/fastqs_read1_read2/I_HB2_0GyP_T1_S00_R2_0.fastq.gz]]
[I_GB2_0GyP_T1_S00, [/rugpfs/fs0/risc_lab/store/hcanaj/HC_GLOEseq_Novaseq_010925/fastqs_read1_read2/I_GB2_0GyP_T1_S00_R1_0.fastq.gz, /rugpfs/fs0/risc_lab/store/hcanaj/HC_GLOEseq_Novaseq_010925/fastqs_read1_read2/I_GB2_0GyP_T1_S00_R2_0.fastq.gz]]
[B_HB2_0GyP_T1_S00, [/rugpfs/fs0/risc_lab/store/hcanaj/HC_GLOEseq_Novaseq_010925/fastqs_read1_read2/B_HB2_0GyP_T1_S00_R1_0.fastq.gz, /rugpfs/fs0/risc_lab/store/hcanaj/HC_GLOEseq_Novaseq_010925/fastqs_read1_read2/B_HB2_0GyP_T1_S00_R2_0.fastq.gz]]
[R_GB2_PLC_T1_S00, [/rugpfs/fs0/risc_lab/store/hcanaj/HC_GLOEseq_Novaseq_010925/fastqs_read1_read2/R_GB2_PLC_T1_S00_R1_0.fastq.gz, /rugpfs/fs0/risc_lab/store/hcanaj/HC_GLOEseq_Novaseq_010925/fastqs_read1_read2/R_GB2_PLC_T1_S00_R2_0.fastq.gz]]
[I_GB1_0GyC_T1_S00, [/rugpfs/fs0/risc_lab/store/hcanaj/HC_GLOEseq_Novaseq_010925/fastqs_read1_read2/I_GB1_0GyC_T1_S00_R1_0.fastq.gz, /rugpfs/fs0/risc_lab/store/hcanaj/HC_GLOEseq_Novaseq_010925/fastqs_read1_read2/I_GB1_0GyC_T1_S00_R2_0.fastq.gz]]
[K_HB2_PLC_T1_S00, [/rugpfs/fs0/risc_lab/store/hcanaj/HC_GLOEseq_Novaseq_010925/fastqs_read1_read2/K_HB2_PLC_T1_S00_R1_0.fastq.gz, /rugpfs/fs0/risc_lab/store/hcanaj/HC_GLOEseq_Novaseq_010925/fastqs_read1_read2/K_HB2_PLC_T1_S00_R2_0.fastq.gz]]
[B_HB1_0GyC_T1_S00, [/rugpfs/fs0/risc_lab/store/hcanaj/HC_GLOEseq_Novaseq_010925/fastqs_read1_read2/B_HB1_0GyC_T1_S00_R1_0.fastq.gz, /rugpfs/fs0/risc_lab/store/hcanaj/HC_GLOEseq_Novaseq_010925/fastqs_read1_read2/B_HB1_0GyC_T1_S00_R2_0.fastq.gz]]
[I_HB2_0GyC_T1_S00, [/rugpfs/fs0/risc_lab/store/hcanaj/HC_GLOEseq_Novaseq_010925/fastqs_read1_read2/I_HB2_0GyC_T1_S00_R1_0.fastq.gz, /rugpfs/fs0/risc_lab/store/hcanaj/HC_GLOEseq_Novaseq_010925/fastqs_read1_read2/I_HB2_0GyC_T1_S00_R2_0.fastq.gz]]
[K_HB2_0GyC_T1_S00, [/rugpfs/fs0/risc_lab/store/hcanaj/HC_GLOEseq_Novaseq_010925/fastqs_read1_read2/K_HB2_0GyC_T1_S00_R1_0.fastq.gz, /rugpfs/fs0/risc_lab/store/hcanaj/HC_GLOEseq_Novaseq_010925/fastqs_read1_read2/K_HB2_0GyC_T1_S00_R2_0.fastq.gz]]
[I_GB1_PLC_T1_S00, [/rugpfs/fs0/risc_lab/store/hcanaj/HC_GLOEseq_Novaseq_010925/fastqs_read1_read2/I_GB1_PLC_T1_S00_R1_0.fastq.gz, /rugpfs/fs0/risc_lab/store/hcanaj/HC_GLOEseq_Novaseq_010925/fastqs_read1_read2/I_GB1_PLC_T1_S00_R2_0.fastq.gz]]
[R_HB1_Cells_T1_S00, [/rugpfs/fs0/risc_lab/store/hcanaj/HC_GLOEseq_Novaseq_010925/fastqs_read1_read2/R_HB1_Cells_T1_S00_R1_0.fastq.gz, /rugpfs/fs0/risc_lab/store/hcanaj/HC_GLOEseq_Novaseq_010925/fastqs_read1_read2/R_HB1_Cells_T1_S00_R2_0.fastq.gz]]
[B_GB2_Cells_T1_S00, [/rugpfs/fs0/risc_lab/store/hcanaj/HC_GLOEseq_Novaseq_010925/fastqs_read1_read2/B_GB2_Cells_T1_S00_R1_0.fastq.gz, /rugpfs/fs0/risc_lab/store/hcanaj/HC_GLOEseq_Novaseq_010925/fastqs_read1_read2/B_GB2_Cells_T1_S00_R2_0.fastq.gz]]
[I_HB1_Cells_T1_S00, [/rugpfs/fs0/risc_lab/store/hcanaj/HC_GLOEseq_Novaseq_010925/fastqs_read1_read2/I_HB1_Cells_T1_S00_R1_0.fastq.gz, /rugpfs/fs0/risc_lab/store/hcanaj/HC_GLOEseq_Novaseq_010925/fastqs_read1_read2/I_HB1_Cells_T1_S00_R2_0.fastq.gz]]
[R_GB1_0GyC_T1_S00, [/rugpfs/fs0/risc_lab/store/hcanaj/HC_GLOEseq_Novaseq_010925/fastqs_read1_read2/R_GB1_0GyC_T1_S00_R1_0.fastq.gz, /rugpfs/fs0/risc_lab/store/hcanaj/HC_GLOEseq_Novaseq_010925/fastqs_read1_read2/R_GB1_0GyC_T1_S00_R2_0.fastq.gz]]
[I_GB2_Cells_T1_S00, [/rugpfs/fs0/risc_lab/store/hcanaj/HC_GLOEseq_Novaseq_010925/fastqs_read1_read2/I_GB2_Cells_T1_S00_R1_0.fastq.gz, /rugpfs/fs0/risc_lab/store/hcanaj/HC_GLOEseq_Novaseq_010925/fastqs_read1_read2/I_GB2_Cells_T1_S00_R2_0.fastq.gz]]
[K_GB1_0GyP_T1_S00, [/rugpfs/fs0/risc_lab/store/hcanaj/HC_GLOEseq_Novaseq_010925/fastqs_read1_read2/K_GB1_0GyP_T1_S00_R1_0.fastq.gz, /rugpfs/fs0/risc_lab/store/hcanaj/HC_GLOEseq_Novaseq_010925/fastqs_read1_read2/K_GB1_0GyP_T1_S00_R2_0.fastq.gz]]
[K_GB1_Cells_T1_S00, [/rugpfs/fs0/risc_lab/store/hcanaj/HC_GLOEseq_Novaseq_010925/fastqs_read1_read2/K_GB1_Cells_T1_S00_R1_0.fastq.gz, /rugpfs/fs0/risc_lab/store/hcanaj/HC_GLOEseq_Novaseq_010925/fastqs_read1_read2/K_GB1_Cells_T1_S00_R2_0.fastq.gz]]
[I_HB1_0GyC_T1_S00, [/rugpfs/fs0/risc_lab/store/hcanaj/HC_GLOEseq_Novaseq_010925/fastqs_read1_read2/I_HB1_0GyC_T1_S00_R1_0.fastq.gz, /rugpfs/fs0/risc_lab/store/hcanaj/HC_GLOEseq_Novaseq_010925/fastqs_read1_read2/I_HB1_0GyC_T1_S00_R2_0.fastq.gz]]
[K_HB1_0GyP_T1_S00, [/rugpfs/fs0/risc_lab/store/hcanaj/HC_GLOEseq_Novaseq_010925/fastqs_read1_read2/K_HB1_0GyP_T1_S00_R1_0.fastq.gz, /rugpfs/fs0/risc_lab/store/hcanaj/HC_GLOEseq_Novaseq_010925/fastqs_read1_read2/K_HB1_0GyP_T1_S00_R2_0.fastq.gz]]
[K_HB1_PLC_T1_S00, [/rugpfs/fs0/risc_lab/store/hcanaj/HC_GLOEseq_Novaseq_010925/fastqs_read1_read2/K_HB1_PLC_T1_S00_R1_0.fastq.gz, /rugpfs/fs0/risc_lab/store/hcanaj/HC_GLOEseq_Novaseq_010925/fastqs_read1_read2/K_HB1_PLC_T1_S00_R2_0.fastq.gz]]
[I_HB1_0GyP_T1_S00, [/rugpfs/fs0/risc_lab/store/hcanaj/HC_GLOEseq_Novaseq_010925/fastqs_read1_read2/I_HB1_0GyP_T1_S00_R1_0.fastq.gz, /rugpfs/fs0/risc_lab/store/hcanaj/HC_GLOEseq_Novaseq_010925/fastqs_read1_read2/I_HB1_0GyP_T1_S00_R2_0.fastq.gz]]
[K_HB1_Cells_T1_S00, [/rugpfs/fs0/risc_lab/store/hcanaj/HC_GLOEseq_Novaseq_010925/fastqs_read1_read2/K_HB1_Cells_T1_S00_R1_0.fastq.gz, /rugpfs/fs0/risc_lab/store/hcanaj/HC_GLOEseq_Novaseq_010925/fastqs_read1_read2/K_HB1_Cells_T1_S00_R2_0.fastq.gz]]
[Undetermined_S00, [/rugpfs/fs0/risc_lab/store/hcanaj/HC_GLOEseq_Novaseq_010925/fastqs_read1_read2/Undetermined_S00_R1_0.fastq.gz, /rugpfs/fs0/risc_lab/store/hcanaj/HC_GLOEseq_Novaseq_010925/fastqs_read1_read2/Undetermined_S00_R2_0.fastq.gz]]
[R_GB1_Cells_T1_S00, [/rugpfs/fs0/risc_lab/store/hcanaj/HC_GLOEseq_Novaseq_010925/fastqs_read1_read2/R_GB1_Cells_T1_S00_R1_0.fastq.gz, /rugpfs/fs0/risc_lab/store/hcanaj/HC_GLOEseq_Novaseq_010925/fastqs_read1_read2/R_GB1_Cells_T1_S00_R2_0.fastq.gz]]
[R_HB2_0GyC_T1_S00, [/rugpfs/fs0/risc_lab/store/hcanaj/HC_GLOEseq_Novaseq_010925/fastqs_read1_read2/R_HB2_0GyC_T1_S00_R1_0.fastq.gz, /rugpfs/fs0/risc_lab/store/hcanaj/HC_GLOEseq_Novaseq_010925/fastqs_read1_read2/R_HB2_0GyC_T1_S00_R2_0.fastq.gz]]
[B_GB1_Cells_T1_S00, [/rugpfs/fs0/risc_lab/store/hcanaj/HC_GLOEseq_Novaseq_010925/fastqs_read1_read2/B_GB1_Cells_T1_S00_R1_0.fastq.gz, /rugpfs/fs0/risc_lab/store/hcanaj/HC_GLOEseq_Novaseq_010925/fastqs_read1_read2/B_GB1_Cells_T1_S00_R2_0.fastq.gz]]
[K_GB2_Cells_T1_S00, [/rugpfs/fs0/risc_lab/store/hcanaj/HC_GLOEseq_Novaseq_010925/fastqs_read1_read2/K_GB2_Cells_T1_S00_R1_0.fastq.gz, /rugpfs/fs0/risc_lab/store/hcanaj/HC_GLOEseq_Novaseq_010925/fastqs_read1_read2/K_GB2_Cells_T1_S00_R2_0.fastq.gz]]
[K_GB2_0GyC_T1_S00, [/rugpfs/fs0/risc_lab/store/hcanaj/HC_GLOEseq_Novaseq_010925/fastqs_read1_read2/K_GB2_0GyC_T1_S00_R1_0.fastq.gz, /rugpfs/fs0/risc_lab/store/hcanaj/HC_GLOEseq_Novaseq_010925/fastqs_read1_read2/K_GB2_0GyC_T1_S00_R2_0.fastq.gz]]
[R_GB1_PLC_T1_S00, [/rugpfs/fs0/risc_lab/store/hcanaj/HC_GLOEseq_Novaseq_010925/fastqs_read1_read2/R_GB1_PLC_T1_S00_R1_0.fastq.gz, /rugpfs/fs0/risc_lab/store/hcanaj/HC_GLOEseq_Novaseq_010925/fastqs_read1_read2/R_GB1_PLC_T1_S00_R2_0.fastq.gz]]
[B_GB2_0GyC_T1_S00, [/rugpfs/fs0/risc_lab/store/hcanaj/HC_GLOEseq_Novaseq_010925/fastqs_read1_read2/B_GB2_0GyC_T1_S00_R1_0.fastq.gz, /rugpfs/fs0/risc_lab/store/hcanaj/HC_GLOEseq_Novaseq_010925/fastqs_read1_read2/B_GB2_0GyC_T1_S00_R2_0.fastq.gz]]
[R_HB1_PLC_T1_S00, [/rugpfs/fs0/risc_lab/store/hcanaj/HC_GLOEseq_Novaseq_010925/fastqs_read1_read2/R_HB1_PLC_T1_S00_R1_0.fastq.gz, /rugpfs/fs0/risc_lab/store/hcanaj/HC_GLOEseq_Novaseq_010925/fastqs_read1_read2/R_HB1_PLC_T1_S00_R2_0.fastq.gz]]
[K_HB2_Cells_T1_S00, [/rugpfs/fs0/risc_lab/store/hcanaj/HC_GLOEseq_Novaseq_010925/fastqs_read1_read2/K_HB2_Cells_T1_S00_R1_0.fastq.gz, /rugpfs/fs0/risc_lab/store/hcanaj/HC_GLOEseq_Novaseq_010925/fastqs_read1_read2/K_HB2_Cells_T1_S00_R2_0.fastq.gz]]
[R_HB1_0GyP_T1_S00, [/rugpfs/fs0/risc_lab/store/hcanaj/HC_GLOEseq_Novaseq_010925/fastqs_read1_read2/R_HB1_0GyP_T1_S00_R1_0.fastq.gz, /rugpfs/fs0/risc_lab/store/hcanaj/HC_GLOEseq_Novaseq_010925/fastqs_read1_read2/R_HB1_0GyP_T1_S00_R2_0.fastq.gz]]
[B_HB2_Cells_T1_S00, [/rugpfs/fs0/risc_lab/store/hcanaj/HC_GLOEseq_Novaseq_010925/fastqs_read1_read2/B_HB2_Cells_T1_S00_R1_0.fastq.gz, /rugpfs/fs0/risc_lab/store/hcanaj/HC_GLOEseq_Novaseq_010925/fastqs_read1_read2/B_HB2_Cells_T1_S00_R2_0.fastq.gz]]
[B_HB1_PLC_T1_S00, [/rugpfs/fs0/risc_lab/store/hcanaj/HC_GLOEseq_Novaseq_010925/fastqs_read1_read2/B_HB1_PLC_T1_S00_R1_0.fastq.gz, /rugpfs/fs0/risc_lab/store/hcanaj/HC_GLOEseq_Novaseq_010925/fastqs_read1_read2/B_HB1_PLC_T1_S00_R2_0.fastq.gz]]
[B_GB1_PLC_T1_S00, [/rugpfs/fs0/risc_lab/store/hcanaj/HC_GLOEseq_Novaseq_010925/fastqs_read1_read2/B_GB1_PLC_T1_S00_R1_0.fastq.gz, /rugpfs/fs0/risc_lab/store/hcanaj/HC_GLOEseq_Novaseq_010925/fastqs_read1_read2/B_GB1_PLC_T1_S00_R2_0.fastq.gz]]
[R_GB2_0GyP_T1_S00, [/rugpfs/fs0/risc_lab/store/hcanaj/HC_GLOEseq_Novaseq_010925/fastqs_read1_read2/R_GB2_0GyP_T1_S00_R1_0.fastq.gz, /rugpfs/fs0/risc_lab/store/hcanaj/HC_GLOEseq_Novaseq_010925/fastqs_read1_read2/R_GB2_0GyP_T1_S00_R2_0.fastq.gz]]
[R_GB1_0GyP_T1_S00, [/rugpfs/fs0/risc_lab/store/hcanaj/HC_GLOEseq_Novaseq_010925/fastqs_read1_read2/R_GB1_0GyP_T1_S00_R1_0.fastq.gz, /rugpfs/fs0/risc_lab/store/hcanaj/HC_GLOEseq_Novaseq_010925/fastqs_read1_read2/R_GB1_0GyP_T1_S00_R2_0.fastq.gz]]
[R_HB1_0GyC_T1_S00, [/rugpfs/fs0/risc_lab/store/hcanaj/HC_GLOEseq_Novaseq_010925/fastqs_read1_read2/R_HB1_0GyC_T1_S00_R1_0.fastq.gz, /rugpfs/fs0/risc_lab/store/hcanaj/HC_GLOEseq_Novaseq_010925/fastqs_read1_read2/R_HB1_0GyC_T1_S00_R2_0.fastq.gz]]
[I_GB2_0GyC_T1_S00, [/rugpfs/fs0/risc_lab/store/hcanaj/HC_GLOEseq_Novaseq_010925/fastqs_read1_read2/I_GB2_0GyC_T1_S00_R1_0.fastq.gz, /rugpfs/fs0/risc_lab/store/hcanaj/HC_GLOEseq_Novaseq_010925/fastqs_read1_read2/I_GB2_0GyC_T1_S00_R2_0.fastq.gz]]
[R_HB2_PLC_T1_S00, [/rugpfs/fs0/risc_lab/store/hcanaj/HC_GLOEseq_Novaseq_010925/fastqs_read1_read2/R_HB2_PLC_T1_S00_R1_0.fastq.gz, /rugpfs/fs0/risc_lab/store/hcanaj/HC_GLOEseq_Novaseq_010925/fastqs_read1_read2/R_HB2_PLC_T1_S00_R2_0.fastq.gz]]
[K_GB2_0GyP_T1_S00, [/rugpfs/fs0/risc_lab/store/hcanaj/HC_GLOEseq_Novaseq_010925/fastqs_read1_read2/K_GB2_0GyP_T1_S00_R1_0.fastq.gz, /rugpfs/fs0/risc_lab/store/hcanaj/HC_GLOEseq_Novaseq_010925/fastqs_read1_read2/K_GB2_0GyP_T1_S00_R2_0.fastq.gz]]
[I_GB2_PLC_T1_S00, [/rugpfs/fs0/risc_lab/store/hcanaj/HC_GLOEseq_Novaseq_010925/fastqs_read1_read2/I_GB2_PLC_T1_S00_R1_0.fastq.gz, /rugpfs/fs0/risc_lab/store/hcanaj/HC_GLOEseq_Novaseq_010925/fastqs_read1_read2/I_GB2_PLC_T1_S00_R2_0.fastq.gz]]
[I_HB1_PLC_T1_S00, [/rugpfs/fs0/risc_lab/store/hcanaj/HC_GLOEseq_Novaseq_010925/fastqs_read1_read2/I_HB1_PLC_T1_S00_R1_0.fastq.gz, /rugpfs/fs0/risc_lab/store/hcanaj/HC_GLOEseq_Novaseq_010925/fastqs_read1_read2/I_HB1_PLC_T1_S00_R2_0.fastq.gz]]
[I_HB2_Cells_T1_S00, [/rugpfs/fs0/risc_lab/store/hcanaj/HC_GLOEseq_Novaseq_010925/fastqs_read1_read2/I_HB2_Cells_T1_S00_R1_0.fastq.gz, /rugpfs/fs0/risc_lab/store/hcanaj/HC_GLOEseq_Novaseq_010925/fastqs_read1_read2/I_HB2_Cells_T1_S00_R2_0.fastq.gz]]
[B_GB1_0GyP_T1_S00, [/rugpfs/fs0/risc_lab/store/hcanaj/HC_GLOEseq_Novaseq_010925/fastqs_read1_read2/B_GB1_0GyP_T1_S00_R1_0.fastq.gz, /rugpfs/fs0/risc_lab/store/hcanaj/HC_GLOEseq_Novaseq_010925/fastqs_read1_read2/B_GB1_0GyP_T1_S00_R2_0.fastq.gz]]
[R_HB2_Cells_T1_S00, [/rugpfs/fs0/risc_lab/store/hcanaj/HC_GLOEseq_Novaseq_010925/fastqs_read1_read2/R_HB2_Cells_T1_S00_R1_0.fastq.gz, /rugpfs/fs0/risc_lab/store/hcanaj/HC_GLOEseq_Novaseq_010925/fastqs_read1_read2/R_HB2_Cells_T1_S00_R2_0.fastq.gz]]
[K_HB1_0GyC_T1_S00, [/rugpfs/fs0/risc_lab/store/hcanaj/HC_GLOEseq_Novaseq_010925/fastqs_read1_read2/K_HB1_0GyC_T1_S00_R1_0.fastq.gz, /rugpfs/fs0/risc_lab/store/hcanaj/HC_GLOEseq_Novaseq_010925/fastqs_read1_read2/K_HB1_0GyC_T1_S00_R2_0.fastq.gz]]
[B_HB2_0GyC_T1_S00, [/rugpfs/fs0/risc_lab/store/hcanaj/HC_GLOEseq_Novaseq_010925/fastqs_read1_read2/B_HB2_0GyC_T1_S00_R1_0.fastq.gz, /rugpfs/fs0/risc_lab/store/hcanaj/HC_GLOEseq_Novaseq_010925/fastqs_read1_read2/B_HB2_0GyC_T1_S00_R2_0.fastq.gz]]
[B_GB2_0GyP_T1_S00, [/rugpfs/fs0/risc_lab/store/hcanaj/HC_GLOEseq_Novaseq_010925/fastqs_read1_read2/B_GB2_0GyP_T1_S00_R1_0.fastq.gz, /rugpfs/fs0/risc_lab/store/hcanaj/HC_GLOEseq_Novaseq_010925/fastqs_read1_read2/B_GB2_0GyP_T1_S00_R2_0.fastq.gz]]
[R_GB2_0GyC_T1_S00, [/rugpfs/fs0/risc_lab/store/hcanaj/HC_GLOEseq_Novaseq_010925/fastqs_read1_read2/R_GB2_0GyC_T1_S00_R1_0.fastq.gz, /rugpfs/fs0/risc_lab/store/hcanaj/HC_GLOEseq_Novaseq_010925/fastqs_read1_read2/R_GB2_0GyC_T1_S00_R2_0.fastq.gz]]
[K_GB1_PLC_T1_S00, [/rugpfs/fs0/risc_lab/store/hcanaj/HC_GLOEseq_Novaseq_010925/fastqs_read1_read2/K_GB1_PLC_T1_S00_R1_0.fastq.gz, /rugpfs/fs0/risc_lab/store/hcanaj/HC_GLOEseq_Novaseq_010925/fastqs_read1_read2/K_GB1_PLC_T1_S00_R2_0.fastq.gz]]
[I_GB1_Cells_T1_S00, [/rugpfs/fs0/risc_lab/store/hcanaj/HC_GLOEseq_Novaseq_010925/fastqs_read1_read2/I_GB1_Cells_T1_S00_R1_0.fastq.gz, /rugpfs/fs0/risc_lab/store/hcanaj/HC_GLOEseq_Novaseq_010925/fastqs_read1_read2/I_GB1_Cells_T1_S00_R2_0.fastq.gz]]
[R_HB2_0GyP_T1_S00, [/rugpfs/fs0/risc_lab/store/hcanaj/HC_GLOEseq_Novaseq_010925/fastqs_read1_read2/R_HB2_0GyP_T1_S00_R1_0.fastq.gz, /rugpfs/fs0/risc_lab/store/hcanaj/HC_GLOEseq_Novaseq_010925/fastqs_read1_read2/R_HB2_0GyP_T1_S00_R2_0.fastq.gz]]
[B_GB2_PLC_T1_S00, [/rugpfs/fs0/risc_lab/store/hcanaj/HC_GLOEseq_Novaseq_010925/fastqs_read1_read2/B_GB2_PLC_T1_S00_R1_0.fastq.gz, /rugpfs/fs0/risc_lab/store/hcanaj/HC_GLOEseq_Novaseq_010925/fastqs_read1_read2/B_GB2_PLC_T1_S00_R2_0.fastq.gz]]
[B_HB1_Cells_T1_S00, [/rugpfs/fs0/risc_lab/store/hcanaj/HC_GLOEseq_Novaseq_010925/fastqs_read1_read2/B_HB1_Cells_T1_S00_R1_0.fastq.gz, /rugpfs/fs0/risc_lab/store/hcanaj/HC_GLOEseq_Novaseq_010925/fastqs_read1_read2/B_HB1_Cells_T1_S00_R2_0.fastq.gz]]
[R_GB2_Cells_T1_S00, [/rugpfs/fs0/risc_lab/store/hcanaj/HC_GLOEseq_Novaseq_010925/fastqs_read1_read2/R_GB2_Cells_T1_S00_R1_0.fastq.gz, /rugpfs/fs0/risc_lab/store/hcanaj/HC_GLOEseq_Novaseq_010925/fastqs_read1_read2/R_GB2_Cells_T1_S00_R2_0.fastq.gz]]

executor >  slurm (3)
[eb/227bbe] process > random_test_j (3) [100%] 3 of 3 ✔
[K_HB2_0GyP_T1_S00, [/rugpfs/fs0/risc_lab/store/hcanaj/HC_GLOEseq_Novaseq_010925/fastqs_read1_read2/K_HB2_0GyP_T1_S00_R1_0.fastq.gz, /rugpfs/fs0/risc_lab/store/hcanaj/HC_GLOEseq_Novaseq_010925/fastqs_read1_read2/K_HB2_0GyP_T1_S00_R2_0.fastq.gz]]
[B_HB1_0GyP_T1_S00, [/rugpfs/fs0/risc_lab/store/hcanaj/HC_GLOEseq_Novaseq_010925/fastqs_read1_read2/B_HB1_0GyP_T1_S00_R1_0.fastq.gz, /rugpfs/fs0/risc_lab/store/hcanaj/HC_GLOEseq_Novaseq_010925/fastqs_read1_read2/B_HB1_0GyP_T1_S00_R2_0.fastq.gz]]
[I_HB2_PLC_T1_S00, [/rugpfs/fs0/risc_lab/store/hcanaj/HC_GLOEseq_Novaseq_010925/fastqs_read1_read2/I_HB2_PLC_T1_S00_R1_0.fastq.gz, /rugpfs/fs0/risc_lab/store/hcanaj/HC_GLOEseq_Novaseq_010925/fastqs_read1_read2/I_HB2_PLC_T1_S00_R2_0.fastq.gz]]
[B_GB1_0GyC_T1_S00, [/rugpfs/fs0/risc_lab/store/hcanaj/HC_GLOEseq_Novaseq_010925/fastqs_read1_read2/B_GB1_0GyC_T1_S00_R1_0.fastq.gz, /rugpfs/fs0/risc_lab/store/hcanaj/HC_GLOEseq_Novaseq_010925/fastqs_read1_read2/B_GB1_0GyC_T1_S00_R2_0.fastq.gz]]
[K_GB2_PLC_T1_S00, [/rugpfs/fs0/risc_lab/store/hcanaj/HC_GLOEseq_Novaseq_010925/fastqs_read1_read2/K_GB2_PLC_T1_S00_R1_0.fastq.gz, /rugpfs/fs0/risc_lab/store/hcanaj/HC_GLOEseq_Novaseq_010925/fastqs_read1_read2/K_GB2_PLC_T1_S00_R2_0.fastq.gz]]
[B_HB2_PLC_T1_S00, [/rugpfs/fs0/risc_lab/store/hcanaj/HC_GLOEseq_Novaseq_010925/fastqs_read1_read2/B_HB2_PLC_T1_S00_R1_0.fastq.gz, /rugpfs/fs0/risc_lab/store/hcanaj/HC_GLOEseq_Novaseq_010925/fastqs_read1_read2/B_HB2_PLC_T1_S00_R2_0.fastq.gz]]
[K_GB1_0GyC_T1_S00, [/rugpfs/fs0/risc_lab/store/hcanaj/HC_GLOEseq_Novaseq_010925/fastqs_read1_read2/K_GB1_0GyC_T1_S00_R1_0.fastq.gz, /rugpfs/fs0/risc_lab/store/hcanaj/HC_GLOEseq_Novaseq_010925/fastqs_read1_read2/K_GB1_0GyC_T1_S00_R2_0.fastq.gz]]
[I_GB1_0GyP_T1_S00, [/rugpfs/fs0/risc_lab/store/hcanaj/HC_GLOEseq_Novaseq_010925/fastqs_read1_read2/I_GB1_0GyP_T1_S00_R1_0.fastq.gz, /rugpfs/fs0/risc_lab/store/hcanaj/HC_GLOEseq_Novaseq_010925/fastqs_read1_read2/I_GB1_0GyP_T1_S00_R2_0.fastq.gz]]
[I_HB2_0GyP_T1_S00, [/rugpfs/fs0/risc_lab/store/hcanaj/HC_GLOEseq_Novaseq_010925/fastqs_read1_read2/I_HB2_0GyP_T1_S00_R1_0.fastq.gz, /rugpfs/fs0/risc_lab/store/hcanaj/HC_GLOEseq_Novaseq_010925/fastqs_read1_read2/I_HB2_0GyP_T1_S00_R2_0.fastq.gz]]
[I_GB2_0GyP_T1_S00, [/rugpfs/fs0/risc_lab/store/hcanaj/HC_GLOEseq_Novaseq_010925/fastqs_read1_read2/I_GB2_0GyP_T1_S00_R1_0.fastq.gz, /rugpfs/fs0/risc_lab/store/hcanaj/HC_GLOEseq_Novaseq_010925/fastqs_read1_read2/I_GB2_0GyP_T1_S00_R2_0.fastq.gz]]
[B_HB2_0GyP_T1_S00, [/rugpfs/fs0/risc_lab/store/hcanaj/HC_GLOEseq_Novaseq_010925/fastqs_read1_read2/B_HB2_0GyP_T1_S00_R1_0.fastq.gz, /rugpfs/fs0/risc_lab/store/hcanaj/HC_GLOEseq_Novaseq_010925/fastqs_read1_read2/B_HB2_0GyP_T1_S00_R2_0.fastq.gz]]
[R_GB2_PLC_T1_S00, [/rugpfs/fs0/risc_lab/store/hcanaj/HC_GLOEseq_Novaseq_010925/fastqs_read1_read2/R_GB2_PLC_T1_S00_R1_0.fastq.gz, /rugpfs/fs0/risc_lab/store/hcanaj/HC_GLOEseq_Novaseq_010925/fastqs_read1_read2/R_GB2_PLC_T1_S00_R2_0.fastq.gz]]
[I_GB1_0GyC_T1_S00, [/rugpfs/fs0/risc_lab/store/hcanaj/HC_GLOEseq_Novaseq_010925/fastqs_read1_read2/I_GB1_0GyC_T1_S00_R1_0.fastq.gz, /rugpfs/fs0/risc_lab/store/hcanaj/HC_GLOEseq_Novaseq_010925/fastqs_read1_read2/I_GB1_0GyC_T1_S00_R2_0.fastq.gz]]
[K_HB2_PLC_T1_S00, [/rugpfs/fs0/risc_lab/store/hcanaj/HC_GLOEseq_Novaseq_010925/fastqs_read1_read2/K_HB2_PLC_T1_S00_R1_0.fastq.gz, /rugpfs/fs0/risc_lab/store/hcanaj/HC_GLOEseq_Novaseq_010925/fastqs_read1_read2/K_HB2_PLC_T1_S00_R2_0.fastq.gz]]
[B_HB1_0GyC_T1_S00, [/rugpfs/fs0/risc_lab/store/hcanaj/HC_GLOEseq_Novaseq_010925/fastqs_read1_read2/B_HB1_0GyC_T1_S00_R1_0.fastq.gz, /rugpfs/fs0/risc_lab/store/hcanaj/HC_GLOEseq_Novaseq_010925/fastqs_read1_read2/B_HB1_0GyC_T1_S00_R2_0.fastq.gz]]
[I_HB2_0GyC_T1_S00, [/rugpfs/fs0/risc_lab/store/hcanaj/HC_GLOEseq_Novaseq_010925/fastqs_read1_read2/I_HB2_0GyC_T1_S00_R1_0.fastq.gz, /rugpfs/fs0/risc_lab/store/hcanaj/HC_GLOEseq_Novaseq_010925/fastqs_read1_read2/I_HB2_0GyC_T1_S00_R2_0.fastq.gz]]
[K_HB2_0GyC_T1_S00, [/rugpfs/fs0/risc_lab/store/hcanaj/HC_GLOEseq_Novaseq_010925/fastqs_read1_read2/K_HB2_0GyC_T1_S00_R1_0.fastq.gz, /rugpfs/fs0/risc_lab/store/hcanaj/HC_GLOEseq_Novaseq_010925/fastqs_read1_read2/K_HB2_0GyC_T1_S00_R2_0.fastq.gz]]
[I_GB1_PLC_T1_S00, [/rugpfs/fs0/risc_lab/store/hcanaj/HC_GLOEseq_Novaseq_010925/fastqs_read1_read2/I_GB1_PLC_T1_S00_R1_0.fastq.gz, /rugpfs/fs0/risc_lab/store/hcanaj/HC_GLOEseq_Novaseq_010925/fastqs_read1_read2/I_GB1_PLC_T1_S00_R2_0.fastq.gz]]
[R_HB1_Cells_T1_S00, [/rugpfs/fs0/risc_lab/store/hcanaj/HC_GLOEseq_Novaseq_010925/fastqs_read1_read2/R_HB1_Cells_T1_S00_R1_0.fastq.gz, /rugpfs/fs0/risc_lab/store/hcanaj/HC_GLOEseq_Novaseq_010925/fastqs_read1_read2/R_HB1_Cells_T1_S00_R2_0.fastq.gz]]
[B_GB2_Cells_T1_S00, [/rugpfs/fs0/risc_lab/store/hcanaj/HC_GLOEseq_Novaseq_010925/fastqs_read1_read2/B_GB2_Cells_T1_S00_R1_0.fastq.gz, /rugpfs/fs0/risc_lab/store/hcanaj/HC_GLOEseq_Novaseq_010925/fastqs_read1_read2/B_GB2_Cells_T1_S00_R2_0.fastq.gz]]
[I_HB1_Cells_T1_S00, [/rugpfs/fs0/risc_lab/store/hcanaj/HC_GLOEseq_Novaseq_010925/fastqs_read1_read2/I_HB1_Cells_T1_S00_R1_0.fastq.gz, /rugpfs/fs0/risc_lab/store/hcanaj/HC_GLOEseq_Novaseq_010925/fastqs_read1_read2/I_HB1_Cells_T1_S00_R2_0.fastq.gz]]
[R_GB1_0GyC_T1_S00, [/rugpfs/fs0/risc_lab/store/hcanaj/HC_GLOEseq_Novaseq_010925/fastqs_read1_read2/R_GB1_0GyC_T1_S00_R1_0.fastq.gz, /rugpfs/fs0/risc_lab/store/hcanaj/HC_GLOEseq_Novaseq_010925/fastqs_read1_read2/R_GB1_0GyC_T1_S00_R2_0.fastq.gz]]
[I_GB2_Cells_T1_S00, [/rugpfs/fs0/risc_lab/store/hcanaj/HC_GLOEseq_Novaseq_010925/fastqs_read1_read2/I_GB2_Cells_T1_S00_R1_0.fastq.gz, /rugpfs/fs0/risc_lab/store/hcanaj/HC_GLOEseq_Novaseq_010925/fastqs_read1_read2/I_GB2_Cells_T1_S00_R2_0.fastq.gz]]
[K_GB1_0GyP_T1_S00, [/rugpfs/fs0/risc_lab/store/hcanaj/HC_GLOEseq_Novaseq_010925/fastqs_read1_read2/K_GB1_0GyP_T1_S00_R1_0.fastq.gz, /rugpfs/fs0/risc_lab/store/hcanaj/HC_GLOEseq_Novaseq_010925/fastqs_read1_read2/K_GB1_0GyP_T1_S00_R2_0.fastq.gz]]
[K_GB1_Cells_T1_S00, [/rugpfs/fs0/risc_lab/store/hcanaj/HC_GLOEseq_Novaseq_010925/fastqs_read1_read2/K_GB1_Cells_T1_S00_R1_0.fastq.gz, /rugpfs/fs0/risc_lab/store/hcanaj/HC_GLOEseq_Novaseq_010925/fastqs_read1_read2/K_GB1_Cells_T1_S00_R2_0.fastq.gz]]
[I_HB1_0GyC_T1_S00, [/rugpfs/fs0/risc_lab/store/hcanaj/HC_GLOEseq_Novaseq_010925/fastqs_read1_read2/I_HB1_0GyC_T1_S00_R1_0.fastq.gz, /rugpfs/fs0/risc_lab/store/hcanaj/HC_GLOEseq_Novaseq_010925/fastqs_read1_read2/I_HB1_0GyC_T1_S00_R2_0.fastq.gz]]
[K_HB1_0GyP_T1_S00, [/rugpfs/fs0/risc_lab/store/hcanaj/HC_GLOEseq_Novaseq_010925/fastqs_read1_read2/K_HB1_0GyP_T1_S00_R1_0.fastq.gz, /rugpfs/fs0/risc_lab/store/hcanaj/HC_GLOEseq_Novaseq_010925/fastqs_read1_read2/K_HB1_0GyP_T1_S00_R2_0.fastq.gz]]
[K_HB1_PLC_T1_S00, [/rugpfs/fs0/risc_lab/store/hcanaj/HC_GLOEseq_Novaseq_010925/fastqs_read1_read2/K_HB1_PLC_T1_S00_R1_0.fastq.gz, /rugpfs/fs0/risc_lab/store/hcanaj/HC_GLOEseq_Novaseq_010925/fastqs_read1_read2/K_HB1_PLC_T1_S00_R2_0.fastq.gz]]
[I_HB1_0GyP_T1_S00, [/rugpfs/fs0/risc_lab/store/hcanaj/HC_GLOEseq_Novaseq_010925/fastqs_read1_read2/I_HB1_0GyP_T1_S00_R1_0.fastq.gz, /rugpfs/fs0/risc_lab/store/hcanaj/HC_GLOEseq_Novaseq_010925/fastqs_read1_read2/I_HB1_0GyP_T1_S00_R2_0.fastq.gz]]
[K_HB1_Cells_T1_S00, [/rugpfs/fs0/risc_lab/store/hcanaj/HC_GLOEseq_Novaseq_010925/fastqs_read1_read2/K_HB1_Cells_T1_S00_R1_0.fastq.gz, /rugpfs/fs0/risc_lab/store/hcanaj/HC_GLOEseq_Novaseq_010925/fastqs_read1_read2/K_HB1_Cells_T1_S00_R2_0.fastq.gz]]
[Undetermined_S00, [/rugpfs/fs0/risc_lab/store/hcanaj/HC_GLOEseq_Novaseq_010925/fastqs_read1_read2/Undetermined_S00_R1_0.fastq.gz, /rugpfs/fs0/risc_lab/store/hcanaj/HC_GLOEseq_Novaseq_010925/fastqs_read1_read2/Undetermined_S00_R2_0.fastq.gz]]
[R_GB1_Cells_T1_S00, [/rugpfs/fs0/risc_lab/store/hcanaj/HC_GLOEseq_Novaseq_010925/fastqs_read1_read2/R_GB1_Cells_T1_S00_R1_0.fastq.gz, /rugpfs/fs0/risc_lab/store/hcanaj/HC_GLOEseq_Novaseq_010925/fastqs_read1_read2/R_GB1_Cells_T1_S00_R2_0.fastq.gz]]
[R_HB2_0GyC_T1_S00, [/rugpfs/fs0/risc_lab/store/hcanaj/HC_GLOEseq_Novaseq_010925/fastqs_read1_read2/R_HB2_0GyC_T1_S00_R1_0.fastq.gz, /rugpfs/fs0/risc_lab/store/hcanaj/HC_GLOEseq_Novaseq_010925/fastqs_read1_read2/R_HB2_0GyC_T1_S00_R2_0.fastq.gz]]
[B_GB1_Cells_T1_S00, [/rugpfs/fs0/risc_lab/store/hcanaj/HC_GLOEseq_Novaseq_010925/fastqs_read1_read2/B_GB1_Cells_T1_S00_R1_0.fastq.gz, /rugpfs/fs0/risc_lab/store/hcanaj/HC_GLOEseq_Novaseq_010925/fastqs_read1_read2/B_GB1_Cells_T1_S00_R2_0.fastq.gz]]
[K_GB2_Cells_T1_S00, [/rugpfs/fs0/risc_lab/store/hcanaj/HC_GLOEseq_Novaseq_010925/fastqs_read1_read2/K_GB2_Cells_T1_S00_R1_0.fastq.gz, /rugpfs/fs0/risc_lab/store/hcanaj/HC_GLOEseq_Novaseq_010925/fastqs_read1_read2/K_GB2_Cells_T1_S00_R2_0.fastq.gz]]
[K_GB2_0GyC_T1_S00, [/rugpfs/fs0/risc_lab/store/hcanaj/HC_GLOEseq_Novaseq_010925/fastqs_read1_read2/K_GB2_0GyC_T1_S00_R1_0.fastq.gz, /rugpfs/fs0/risc_lab/store/hcanaj/HC_GLOEseq_Novaseq_010925/fastqs_read1_read2/K_GB2_0GyC_T1_S00_R2_0.fastq.gz]]
[R_GB1_PLC_T1_S00, [/rugpfs/fs0/risc_lab/store/hcanaj/HC_GLOEseq_Novaseq_010925/fastqs_read1_read2/R_GB1_PLC_T1_S00_R1_0.fastq.gz, /rugpfs/fs0/risc_lab/store/hcanaj/HC_GLOEseq_Novaseq_010925/fastqs_read1_read2/R_GB1_PLC_T1_S00_R2_0.fastq.gz]]
[B_GB2_0GyC_T1_S00, [/rugpfs/fs0/risc_lab/store/hcanaj/HC_GLOEseq_Novaseq_010925/fastqs_read1_read2/B_GB2_0GyC_T1_S00_R1_0.fastq.gz, /rugpfs/fs0/risc_lab/store/hcanaj/HC_GLOEseq_Novaseq_010925/fastqs_read1_read2/B_GB2_0GyC_T1_S00_R2_0.fastq.gz]]
[R_HB1_PLC_T1_S00, [/rugpfs/fs0/risc_lab/store/hcanaj/HC_GLOEseq_Novaseq_010925/fastqs_read1_read2/R_HB1_PLC_T1_S00_R1_0.fastq.gz, /rugpfs/fs0/risc_lab/store/hcanaj/HC_GLOEseq_Novaseq_010925/fastqs_read1_read2/R_HB1_PLC_T1_S00_R2_0.fastq.gz]]
[K_HB2_Cells_T1_S00, [/rugpfs/fs0/risc_lab/store/hcanaj/HC_GLOEseq_Novaseq_010925/fastqs_read1_read2/K_HB2_Cells_T1_S00_R1_0.fastq.gz, /rugpfs/fs0/risc_lab/store/hcanaj/HC_GLOEseq_Novaseq_010925/fastqs_read1_read2/K_HB2_Cells_T1_S00_R2_0.fastq.gz]]
[R_HB1_0GyP_T1_S00, [/rugpfs/fs0/risc_lab/store/hcanaj/HC_GLOEseq_Novaseq_010925/fastqs_read1_read2/R_HB1_0GyP_T1_S00_R1_0.fastq.gz, /rugpfs/fs0/risc_lab/store/hcanaj/HC_GLOEseq_Novaseq_010925/fastqs_read1_read2/R_HB1_0GyP_T1_S00_R2_0.fastq.gz]]
[B_HB2_Cells_T1_S00, [/rugpfs/fs0/risc_lab/store/hcanaj/HC_GLOEseq_Novaseq_010925/fastqs_read1_read2/B_HB2_Cells_T1_S00_R1_0.fastq.gz, /rugpfs/fs0/risc_lab/store/hcanaj/HC_GLOEseq_Novaseq_010925/fastqs_read1_read2/B_HB2_Cells_T1_S00_R2_0.fastq.gz]]
[B_HB1_PLC_T1_S00, [/rugpfs/fs0/risc_lab/store/hcanaj/HC_GLOEseq_Novaseq_010925/fastqs_read1_read2/B_HB1_PLC_T1_S00_R1_0.fastq.gz, /rugpfs/fs0/risc_lab/store/hcanaj/HC_GLOEseq_Novaseq_010925/fastqs_read1_read2/B_HB1_PLC_T1_S00_R2_0.fastq.gz]]
[B_GB1_PLC_T1_S00, [/rugpfs/fs0/risc_lab/store/hcanaj/HC_GLOEseq_Novaseq_010925/fastqs_read1_read2/B_GB1_PLC_T1_S00_R1_0.fastq.gz, /rugpfs/fs0/risc_lab/store/hcanaj/HC_GLOEseq_Novaseq_010925/fastqs_read1_read2/B_GB1_PLC_T1_S00_R2_0.fastq.gz]]
[R_GB2_0GyP_T1_S00, [/rugpfs/fs0/risc_lab/store/hcanaj/HC_GLOEseq_Novaseq_010925/fastqs_read1_read2/R_GB2_0GyP_T1_S00_R1_0.fastq.gz, /rugpfs/fs0/risc_lab/store/hcanaj/HC_GLOEseq_Novaseq_010925/fastqs_read1_read2/R_GB2_0GyP_T1_S00_R2_0.fastq.gz]]
[R_GB1_0GyP_T1_S00, [/rugpfs/fs0/risc_lab/store/hcanaj/HC_GLOEseq_Novaseq_010925/fastqs_read1_read2/R_GB1_0GyP_T1_S00_R1_0.fastq.gz, /rugpfs/fs0/risc_lab/store/hcanaj/HC_GLOEseq_Novaseq_010925/fastqs_read1_read2/R_GB1_0GyP_T1_S00_R2_0.fastq.gz]]
[R_HB1_0GyC_T1_S00, [/rugpfs/fs0/risc_lab/store/hcanaj/HC_GLOEseq_Novaseq_010925/fastqs_read1_read2/R_HB1_0GyC_T1_S00_R1_0.fastq.gz, /rugpfs/fs0/risc_lab/store/hcanaj/HC_GLOEseq_Novaseq_010925/fastqs_read1_read2/R_HB1_0GyC_T1_S00_R2_0.fastq.gz]]
[I_GB2_0GyC_T1_S00, [/rugpfs/fs0/risc_lab/store/hcanaj/HC_GLOEseq_Novaseq_010925/fastqs_read1_read2/I_GB2_0GyC_T1_S00_R1_0.fastq.gz, /rugpfs/fs0/risc_lab/store/hcanaj/HC_GLOEseq_Novaseq_010925/fastqs_read1_read2/I_GB2_0GyC_T1_S00_R2_0.fastq.gz]]
[R_HB2_PLC_T1_S00, [/rugpfs/fs0/risc_lab/store/hcanaj/HC_GLOEseq_Novaseq_010925/fastqs_read1_read2/R_HB2_PLC_T1_S00_R1_0.fastq.gz, /rugpfs/fs0/risc_lab/store/hcanaj/HC_GLOEseq_Novaseq_010925/fastqs_read1_read2/R_HB2_PLC_T1_S00_R2_0.fastq.gz]]
[K_GB2_0GyP_T1_S00, [/rugpfs/fs0/risc_lab/store/hcanaj/HC_GLOEseq_Novaseq_010925/fastqs_read1_read2/K_GB2_0GyP_T1_S00_R1_0.fastq.gz, /rugpfs/fs0/risc_lab/store/hcanaj/HC_GLOEseq_Novaseq_010925/fastqs_read1_read2/K_GB2_0GyP_T1_S00_R2_0.fastq.gz]]
[I_GB2_PLC_T1_S00, [/rugpfs/fs0/risc_lab/store/hcanaj/HC_GLOEseq_Novaseq_010925/fastqs_read1_read2/I_GB2_PLC_T1_S00_R1_0.fastq.gz, /rugpfs/fs0/risc_lab/store/hcanaj/HC_GLOEseq_Novaseq_010925/fastqs_read1_read2/I_GB2_PLC_T1_S00_R2_0.fastq.gz]]
[I_HB1_PLC_T1_S00, [/rugpfs/fs0/risc_lab/store/hcanaj/HC_GLOEseq_Novaseq_010925/fastqs_read1_read2/I_HB1_PLC_T1_S00_R1_0.fastq.gz, /rugpfs/fs0/risc_lab/store/hcanaj/HC_GLOEseq_Novaseq_010925/fastqs_read1_read2/I_HB1_PLC_T1_S00_R2_0.fastq.gz]]
[I_HB2_Cells_T1_S00, [/rugpfs/fs0/risc_lab/store/hcanaj/HC_GLOEseq_Novaseq_010925/fastqs_read1_read2/I_HB2_Cells_T1_S00_R1_0.fastq.gz, /rugpfs/fs0/risc_lab/store/hcanaj/HC_GLOEseq_Novaseq_010925/fastqs_read1_read2/I_HB2_Cells_T1_S00_R2_0.fastq.gz]]
[B_GB1_0GyP_T1_S00, [/rugpfs/fs0/risc_lab/store/hcanaj/HC_GLOEseq_Novaseq_010925/fastqs_read1_read2/B_GB1_0GyP_T1_S00_R1_0.fastq.gz, /rugpfs/fs0/risc_lab/store/hcanaj/HC_GLOEseq_Novaseq_010925/fastqs_read1_read2/B_GB1_0GyP_T1_S00_R2_0.fastq.gz]]
[R_HB2_Cells_T1_S00, [/rugpfs/fs0/risc_lab/store/hcanaj/HC_GLOEseq_Novaseq_010925/fastqs_read1_read2/R_HB2_Cells_T1_S00_R1_0.fastq.gz, /rugpfs/fs0/risc_lab/store/hcanaj/HC_GLOEseq_Novaseq_010925/fastqs_read1_read2/R_HB2_Cells_T1_S00_R2_0.fastq.gz]]
[K_HB1_0GyC_T1_S00, [/rugpfs/fs0/risc_lab/store/hcanaj/HC_GLOEseq_Novaseq_010925/fastqs_read1_read2/K_HB1_0GyC_T1_S00_R1_0.fastq.gz, /rugpfs/fs0/risc_lab/store/hcanaj/HC_GLOEseq_Novaseq_010925/fastqs_read1_read2/K_HB1_0GyC_T1_S00_R2_0.fastq.gz]]
[B_HB2_0GyC_T1_S00, [/rugpfs/fs0/risc_lab/store/hcanaj/HC_GLOEseq_Novaseq_010925/fastqs_read1_read2/B_HB2_0GyC_T1_S00_R1_0.fastq.gz, /rugpfs/fs0/risc_lab/store/hcanaj/HC_GLOEseq_Novaseq_010925/fastqs_read1_read2/B_HB2_0GyC_T1_S00_R2_0.fastq.gz]]
[B_GB2_0GyP_T1_S00, [/rugpfs/fs0/risc_lab/store/hcanaj/HC_GLOEseq_Novaseq_010925/fastqs_read1_read2/B_GB2_0GyP_T1_S00_R1_0.fastq.gz, /rugpfs/fs0/risc_lab/store/hcanaj/HC_GLOEseq_Novaseq_010925/fastqs_read1_read2/B_GB2_0GyP_T1_S00_R2_0.fastq.gz]]
[R_GB2_0GyC_T1_S00, [/rugpfs/fs0/risc_lab/store/hcanaj/HC_GLOEseq_Novaseq_010925/fastqs_read1_read2/R_GB2_0GyC_T1_S00_R1_0.fastq.gz, /rugpfs/fs0/risc_lab/store/hcanaj/HC_GLOEseq_Novaseq_010925/fastqs_read1_read2/R_GB2_0GyC_T1_S00_R2_0.fastq.gz]]
[K_GB1_PLC_T1_S00, [/rugpfs/fs0/risc_lab/store/hcanaj/HC_GLOEseq_Novaseq_010925/fastqs_read1_read2/K_GB1_PLC_T1_S00_R1_0.fastq.gz, /rugpfs/fs0/risc_lab/store/hcanaj/HC_GLOEseq_Novaseq_010925/fastqs_read1_read2/K_GB1_PLC_T1_S00_R2_0.fastq.gz]]
[I_GB1_Cells_T1_S00, [/rugpfs/fs0/risc_lab/store/hcanaj/HC_GLOEseq_Novaseq_010925/fastqs_read1_read2/I_GB1_Cells_T1_S00_R1_0.fastq.gz, /rugpfs/fs0/risc_lab/store/hcanaj/HC_GLOEseq_Novaseq_010925/fastqs_read1_read2/I_GB1_Cells_T1_S00_R2_0.fastq.gz]]
[R_HB2_0GyP_T1_S00, [/rugpfs/fs0/risc_lab/store/hcanaj/HC_GLOEseq_Novaseq_010925/fastqs_read1_read2/R_HB2_0GyP_T1_S00_R1_0.fastq.gz, /rugpfs/fs0/risc_lab/store/hcanaj/HC_GLOEseq_Novaseq_010925/fastqs_read1_read2/R_HB2_0GyP_T1_S00_R2_0.fastq.gz]]
[B_GB2_PLC_T1_S00, [/rugpfs/fs0/risc_lab/store/hcanaj/HC_GLOEseq_Novaseq_010925/fastqs_read1_read2/B_GB2_PLC_T1_S00_R1_0.fastq.gz, /rugpfs/fs0/risc_lab/store/hcanaj/HC_GLOEseq_Novaseq_010925/fastqs_read1_read2/B_GB2_PLC_T1_S00_R2_0.fastq.gz]]
[B_HB1_Cells_T1_S00, [/rugpfs/fs0/risc_lab/store/hcanaj/HC_GLOEseq_Novaseq_010925/fastqs_read1_read2/B_HB1_Cells_T1_S00_R1_0.fastq.gz, /rugpfs/fs0/risc_lab/store/hcanaj/HC_GLOEseq_Novaseq_010925/fastqs_read1_read2/B_HB1_Cells_T1_S00_R2_0.fastq.gz]]
[R_GB2_Cells_T1_S00, [/rugpfs/fs0/risc_lab/store/hcanaj/HC_GLOEseq_Novaseq_010925/fastqs_read1_read2/R_GB2_Cells_T1_S00_R1_0.fastq.gz, /rugpfs/fs0/risc_lab/store/hcanaj/HC_GLOEseq_Novaseq_010925/fastqs_read1_read2/R_GB2_Cells_T1_S00_R2_0.fastq.gz]]

